[0.174s] Invoking command in '/home/csl/reddog_ws/ros2_control/build/hardware_unitree_mujoco': CMAKE_PREFIX_PATH=${CMAKE_PREFIX_PATH}:/home/csl/reddog_ws/ros2_control/install/reddog_hardware:/home/csl/reddog_ws/ros2_control/install/joystick:/home/csl/reddog_ws/ros2_control/install/hardware_dds_bridge:/opt/ros/humble /usr/bin/cmake --build /home/csl/reddog_ws/ros2_control/build/hardware_unitree_mujoco -- -j12 -l12
[0.502s] [35m[1mConsolidate compiler generated dependencies of target hardware_unitree_mujoco[0m
[0.502s] [100%] Built target hardware_unitree_mujoco
[0.514s] Invoked command in '/home/csl/reddog_ws/ros2_control/build/hardware_unitree_mujoco' returned '0': CMAKE_PREFIX_PATH=${CMAKE_PREFIX_PATH}:/home/csl/reddog_ws/ros2_control/install/reddog_hardware:/home/csl/reddog_ws/ros2_control/install/joystick:/home/csl/reddog_ws/ros2_control/install/hardware_dds_bridge:/opt/ros/humble /usr/bin/cmake --build /home/csl/reddog_ws/ros2_control/build/hardware_unitree_mujoco -- -j12 -l12
[0.515s] Invoking command in '/home/csl/reddog_ws/ros2_control/build/hardware_unitree_mujoco': CMAKE_PREFIX_PATH=${CMAKE_PREFIX_PATH}:/home/csl/reddog_ws/ros2_control/install/reddog_hardware:/home/csl/reddog_ws/ros2_control/install/joystick:/home/csl/reddog_ws/ros2_control/install/hardware_dds_bridge:/opt/ros/humble /usr/bin/cmake --install /home/csl/reddog_ws/ros2_control/build/hardware_unitree_mujoco
[0.528s] -- Install configuration: ""
[0.528s] -- Up-to-date: /home/csl/reddog_ws/ros2_control/install/hardware_unitree_mujoco/share/hardware_unitree_mujoco/HardwareUnitree.xml
[0.528s] -- Up-to-date: /home/csl/reddog_ws/ros2_control/install/hardware_unitree_mujoco/include/hardware_unitree_mujoco
[0.528s] -- Up-to-date: /home/csl/reddog_ws/ros2_control/install/hardware_unitree_mujoco/include/hardware_unitree_mujoco/hardware_unitree_mujoco
[0.528s] -- Up-to-date: /home/csl/reddog_ws/ros2_control/install/hardware_unitree_mujoco/include/hardware_unitree_mujoco/hardware_unitree_mujoco/HardwareUnitree.h
[0.528s] -- Up-to-date: /home/csl/reddog_ws/ros2_control/install/hardware_unitree_mujoco/lib/libhardware_unitree_mujoco.so
[0.528s] -- Up-to-date: /home/csl/reddog_ws/ros2_control/install/hardware_unitree_mujoco/share/hardware_unitree_mujoco/environment/library_path.sh
[0.529s] -- Up-to-date: /home/csl/reddog_ws/ros2_control/install/hardware_unitree_mujoco/share/hardware_unitree_mujoco/environment/library_path.dsv
[0.529s] -- Up-to-date: /home/csl/reddog_ws/ros2_control/install/hardware_unitree_mujoco/share/hardware_unitree_mujoco//launch
[0.530s] -- Up-to-date: /home/csl/reddog_ws/ros2_control/install/hardware_unitree_mujoco/share/hardware_unitree_mujoco//launch/visualize.launch.py
[0.530s] -- Up-to-date: /home/csl/reddog_ws/ros2_control/install/hardware_unitree_mujoco/share/ament_index/resource_index/package_run_dependencies/hardware_unitree_mujoco
[0.530s] -- Up-to-date: /home/csl/reddog_ws/ros2_control/install/hardware_unitree_mujoco/share/ament_index/resource_index/parent_prefix_path/hardware_unitree_mujoco
[0.530s] -- Up-to-date: /home/csl/reddog_ws/ros2_control/install/hardware_unitree_mujoco/share/hardware_unitree_mujoco/environment/ament_prefix_path.sh
[0.530s] -- Up-to-date: /home/csl/reddog_ws/ros2_control/install/hardware_unitree_mujoco/share/hardware_unitree_mujoco/environment/ament_prefix_path.dsv
[0.530s] -- Up-to-date: /home/csl/reddog_ws/ros2_control/install/hardware_unitree_mujoco/share/hardware_unitree_mujoco/environment/path.sh
[0.530s] -- Up-to-date: /home/csl/reddog_ws/ros2_control/install/hardware_unitree_mujoco/share/hardware_unitree_mujoco/environment/path.dsv
[0.530s] -- Up-to-date: /home/csl/reddog_ws/ros2_control/install/hardware_unitree_mujoco/share/hardware_unitree_mujoco/local_setup.bash
[0.530s] -- Up-to-date: /home/csl/reddog_ws/ros2_control/install/hardware_unitree_mujoco/share/hardware_unitree_mujoco/local_setup.sh
[0.530s] -- Up-to-date: /home/csl/reddog_ws/ros2_control/install/hardware_unitree_mujoco/share/hardware_unitree_mujoco/local_setup.zsh
[0.531s] -- Up-to-date: /home/csl/reddog_ws/ros2_control/install/hardware_unitree_mujoco/share/hardware_unitree_mujoco/local_setup.dsv
[0.531s] -- Installing: /home/csl/reddog_ws/ros2_control/install/hardware_unitree_mujoco/share/hardware_unitree_mujoco/package.dsv
[0.531s] -- Up-to-date: /home/csl/reddog_ws/ros2_control/install/hardware_unitree_mujoco/share/ament_index/resource_index/packages/hardware_unitree_mujoco
[0.531s] -- Up-to-date: /home/csl/reddog_ws/ros2_control/install/hardware_unitree_mujoco/share/ament_index/resource_index/hardware_interface__pluginlib__plugin/hardware_unitree_mujoco
[0.531s] -- Up-to-date: /home/csl/reddog_ws/ros2_control/install/hardware_unitree_mujoco/share/hardware_unitree_mujoco/cmake/export_hardware_unitree_mujocoExport.cmake
[0.531s] -- Up-to-date: /home/csl/reddog_ws/ros2_control/install/hardware_unitree_mujoco/share/hardware_unitree_mujoco/cmake/export_hardware_unitree_mujocoExport-noconfig.cmake
[0.531s] -- Up-to-date: /home/csl/reddog_ws/ros2_control/install/hardware_unitree_mujoco/share/hardware_unitree_mujoco/cmake/ament_cmake_export_targets-extras.cmake
[0.531s] -- Up-to-date: /home/csl/reddog_ws/ros2_control/install/hardware_unitree_mujoco/share/hardware_unitree_mujoco/cmake/hardware_unitree_mujocoConfig.cmake
[0.531s] -- Up-to-date: /home/csl/reddog_ws/ros2_control/install/hardware_unitree_mujoco/share/hardware_unitree_mujoco/cmake/hardware_unitree_mujocoConfig-version.cmake
[0.532s] -- Up-to-date: /home/csl/reddog_ws/ros2_control/install/hardware_unitree_mujoco/share/hardware_unitree_mujoco/package.xml
[0.551s] Invoked command in '/home/csl/reddog_ws/ros2_control/build/hardware_unitree_mujoco' returned '0': CMAKE_PREFIX_PATH=${CMAKE_PREFIX_PATH}:/home/csl/reddog_ws/ros2_control/install/reddog_hardware:/home/csl/reddog_ws/ros2_control/install/joystick:/home/csl/reddog_ws/ros2_control/install/hardware_dds_bridge:/opt/ros/humble /usr/bin/cmake --install /home/csl/reddog_ws/ros2_control/build/hardware_unitree_mujoco
