running egg_info
writing ../../../../build/reddog_hardware/reddog_hardware.egg-info/PKG-INFO
writing dependency_links to ../../../../build/reddog_hardware/reddog_hardware.egg-info/dependency_links.txt
writing entry points to ../../../../build/reddog_hardware/reddog_hardware.egg-info/entry_points.txt
writing requirements to ../../../../build/reddog_hardware/reddog_hardware.egg-info/requires.txt
writing top-level names to ../../../../build/reddog_hardware/reddog_hardware.egg-info/top_level.txt
reading manifest file '../../../../build/reddog_hardware/reddog_hardware.egg-info/SOURCES.txt'
adding license file 'LICENSE'
writing manifest file '../../../../build/reddog_hardware/reddog_hardware.egg-info/SOURCES.txt'
running build
running build_py
running install
running install_lib
running install_data
running install_egg_info
removing '/home/csl/reddog_ws/ros2_control/install/reddog_hardware/lib/python3.10/site-packages/reddog_hardware-0.0.0-py3.10.egg-info' (and everything under it)
Copying ../../../../build/reddog_hardware/reddog_hardware.egg-info to /home/csl/reddog_ws/ros2_control/install/reddog_hardware/lib/python3.10/site-packages/reddog_hardware-0.0.0-py3.10.egg-info
running install_scripts
Installing motor_manager script to /home/csl/reddog_ws/ros2_control/install/reddog_hardware/lib/reddog_hardware
writing list of installed files to '/home/csl/reddog_ws/ros2_control/build/reddog_hardware/install.log'
