[0.981s] Invoking command in '/home/csl/reddog_ws/ros2_control/src/reddog_ROS2Control/hardwares/reddog_hardware': PYTHONPATH=/home/csl/reddog_ws/ros2_control/build/reddog_hardware/prefix_override:/usr/lib/python3/dist-packages/colcon_core/task/python/colcon_distutils_commands:/home/csl/reddog_ws/ros2_control/install/reddog_hardware/lib/python3.10/site-packages:${PYTHONPATH} /usr/bin/python3 -W ignore:setup.py install is deprecated -W ignore:easy_install command is deprecated setup.py egg_info --egg-base ../../../../build/reddog_hardware build --build-base /home/csl/reddog_ws/ros2_control/build/reddog_hardware/build install --record /home/csl/reddog_ws/ros2_control/build/reddog_hardware/install.log --single-version-externally-managed install_data
[1.170s] running egg_info
[1.170s] writing ../../../../build/reddog_hardware/reddog_hardware.egg-info/PKG-INFO
[1.170s] writing dependency_links to ../../../../build/reddog_hardware/reddog_hardware.egg-info/dependency_links.txt
[1.170s] writing entry points to ../../../../build/reddog_hardware/reddog_hardware.egg-info/entry_points.txt
[1.170s] writing requirements to ../../../../build/reddog_hardware/reddog_hardware.egg-info/requires.txt
[1.170s] writing top-level names to ../../../../build/reddog_hardware/reddog_hardware.egg-info/top_level.txt
[1.171s] reading manifest file '../../../../build/reddog_hardware/reddog_hardware.egg-info/SOURCES.txt'
[1.171s] adding license file 'LICENSE'
[1.171s] writing manifest file '../../../../build/reddog_hardware/reddog_hardware.egg-info/SOURCES.txt'
[1.172s] running build
[1.172s] running build_py
[1.172s] running install
[1.172s] running install_lib
[1.173s] running install_data
[1.173s] running install_egg_info
[1.174s] removing '/home/csl/reddog_ws/ros2_control/install/reddog_hardware/lib/python3.10/site-packages/reddog_hardware-0.0.0-py3.10.egg-info' (and everything under it)
[1.174s] Copying ../../../../build/reddog_hardware/reddog_hardware.egg-info to /home/csl/reddog_ws/ros2_control/install/reddog_hardware/lib/python3.10/site-packages/reddog_hardware-0.0.0-py3.10.egg-info
[1.174s] running install_scripts
[1.188s] Installing motor_manager script to /home/csl/reddog_ws/ros2_control/install/reddog_hardware/lib/reddog_hardware
[1.188s] writing list of installed files to '/home/csl/reddog_ws/ros2_control/build/reddog_hardware/install.log'
[1.207s] Invoked command in '/home/csl/reddog_ws/ros2_control/src/reddog_ROS2Control/hardwares/reddog_hardware' returned '0': PYTHONPATH=/home/csl/reddog_ws/ros2_control/build/reddog_hardware/prefix_override:/usr/lib/python3/dist-packages/colcon_core/task/python/colcon_distutils_commands:/home/csl/reddog_ws/ros2_control/install/reddog_hardware/lib/python3.10/site-packages:${PYTHONPATH} /usr/bin/python3 -W ignore:setup.py install is deprecated -W ignore:easy_install command is deprecated setup.py egg_info --egg-base ../../../../build/reddog_hardware build --build-base /home/csl/reddog_ws/ros2_control/build/reddog_hardware/build install --record /home/csl/reddog_ws/ros2_control/build/reddog_hardware/install.log --single-version-externally-managed install_data
