[35m[1mConsolidate compiler generated dependencies of target xsens_mti_ros2_driver__rosidl_generator_c[0m
[  6%] Built target xsens_mti_ros2_driver__cpp
[ 19%] Built target xspublic
[ 26%] Built target xsens_mti_ros2_driver__rosidl_generator_c
[ 26%] Built target ament_cmake_python_copy_xsens_mti_ros2_driver
[35m[1mConsolidate compiler generated dependencies of target xsens_mti_ros2_driver__rosidl_typesupport_fastrtps_cpp[0m
[35m[1mConsolidate compiler generated dependencies of target xsens_mti_ros2_driver__rosidl_typesupport_cpp[0m
[35m[1mConsolidate compiler generated dependencies of target xsens_mti_ros2_driver__rosidl_typesupport_c[0m
[35m[1mConsolidate compiler generated dependencies of target xsens_mti_ros2_driver__rosidl_typesupport_introspection_cpp[0m
[35m[1mConsolidate compiler generated dependencies of target xsens_mti_ros2_driver__rosidl_typesupport_introspection_c[0m
[35m[1mConsolidate compiler generated dependencies of target xsens_mti_ros2_driver__rosidl_typesupport_fastrtps_c[0m
[ 32%] Built target xsens_mti_ros2_driver__rosidl_typesupport_cpp
[ 39%] Built target xsens_mti_ros2_driver__rosidl_typesupport_fastrtps_cpp
[ 58%] Built target xsens_mti_ros2_driver__rosidl_typesupport_introspection_cpp
[ 58%] Built target xsens_mti_ros2_driver__rosidl_typesupport_c
[ 58%] Built target xsens_mti_ros2_driver__rosidl_typesupport_introspection_c
[ 65%] Built target xsens_mti_ros2_driver__rosidl_typesupport_fastrtps_c
[ 65%] Built target xsens_mti_ros2_driver
[35m[1mConsolidate compiler generated dependencies of target xsens_mti_node[0m
[ 67%] Built target xsens_mti_ros2_driver__py
[35m[1mConsolidate compiler generated dependencies of target xsens_mti_ros2_driver__rosidl_generator_py[0m
[ 82%] Built target xsens_mti_node
[ 86%] Built target xsens_mti_ros2_driver__rosidl_generator_py
[35m[1mConsolidate compiler generated dependencies of target xsens_mti_ros2_driver__rosidl_typesupport_introspection_c__pyext[0m
[35m[1mConsolidate compiler generated dependencies of target xsens_mti_ros2_driver__rosidl_typesupport_fastrtps_c__pyext[0m
[35m[1mConsolidate compiler generated dependencies of target xsens_mti_ros2_driver__rosidl_typesupport_c__pyext[0m
[ 91%] Built target xsens_mti_ros2_driver__rosidl_typesupport_fastrtps_c__pyext
[100%] Built target xsens_mti_ros2_driver__rosidl_typesupport_introspection_c__pyext
[100%] Built target xsens_mti_ros2_driver__rosidl_typesupport_c__pyext
running egg_info
writing xsens_mti_ros2_driver.egg-info/PKG-INFO
writing dependency_links to xsens_mti_ros2_driver.egg-info/dependency_links.txt
writing top-level names to xsens_mti_ros2_driver.egg-info/top_level.txt
reading manifest file 'xsens_mti_ros2_driver.egg-info/SOURCES.txt'
writing manifest file 'xsens_mti_ros2_driver.egg-info/SOURCES.txt'
[100%] Built target ament_cmake_python_build_xsens_mti_ros2_driver_egg
-- Install configuration: ""
-- Up-to-date: /home/csl/reddog_ws/ros2_control/install/xsens_mti_ros2_driver/share/ament_index/resource_index/rosidl_interfaces/xsens_mti_ros2_driver
-- Up-to-date: /home/csl/reddog_ws/ros2_control/install/xsens_mti_ros2_driver/include/xsens_mti_ros2_driver/xsens_mti_ros2_driver
-- Up-to-date: /home/csl/reddog_ws/ros2_control/install/xsens_mti_ros2_driver/include/xsens_mti_ros2_driver/xsens_mti_ros2_driver/msg
-- Up-to-date: /home/csl/reddog_ws/ros2_control/install/xsens_mti_ros2_driver/include/xsens_mti_ros2_driver/xsens_mti_ros2_driver/msg/detail
-- Up-to-date: /home/csl/reddog_ws/ros2_control/install/xsens_mti_ros2_driver/include/xsens_mti_ros2_driver/xsens_mti_ros2_driver/msg/detail/xs_status_word__struct.h
-- Up-to-date: /home/csl/reddog_ws/ros2_control/install/xsens_mti_ros2_driver/include/xsens_mti_ros2_driver/xsens_mti_ros2_driver/msg/detail/xs_status_word__type_support.h
-- Up-to-date: /home/csl/reddog_ws/ros2_control/install/xsens_mti_ros2_driver/include/xsens_mti_ros2_driver/xsens_mti_ros2_driver/msg/detail/xs_status_word__functions.h
-- Up-to-date: /home/csl/reddog_ws/ros2_control/install/xsens_mti_ros2_driver/include/xsens_mti_ros2_driver/xsens_mti_ros2_driver/msg/detail/xs_status_word__functions.c
-- Up-to-date: /home/csl/reddog_ws/ros2_control/install/xsens_mti_ros2_driver/include/xsens_mti_ros2_driver/xsens_mti_ros2_driver/msg/rosidl_generator_c__visibility_control.h
-- Up-to-date: /home/csl/reddog_ws/ros2_control/install/xsens_mti_ros2_driver/include/xsens_mti_ros2_driver/xsens_mti_ros2_driver/msg/xs_status_word.h
-- Up-to-date: /home/csl/reddog_ws/ros2_control/install/xsens_mti_ros2_driver/share/xsens_mti_ros2_driver/environment/library_path.sh
-- Up-to-date: /home/csl/reddog_ws/ros2_control/install/xsens_mti_ros2_driver/share/xsens_mti_ros2_driver/environment/library_path.dsv
-- Up-to-date: /home/csl/reddog_ws/ros2_control/install/xsens_mti_ros2_driver/lib/libxsens_mti_ros2_driver__rosidl_generator_c.so
-- Up-to-date: /home/csl/reddog_ws/ros2_control/install/xsens_mti_ros2_driver/include/xsens_mti_ros2_driver/xsens_mti_ros2_driver
-- Up-to-date: /home/csl/reddog_ws/ros2_control/install/xsens_mti_ros2_driver/include/xsens_mti_ros2_driver/xsens_mti_ros2_driver/msg
-- Up-to-date: /home/csl/reddog_ws/ros2_control/install/xsens_mti_ros2_driver/include/xsens_mti_ros2_driver/xsens_mti_ros2_driver/msg/rosidl_typesupport_fastrtps_c__visibility_control.h
-- Up-to-date: /home/csl/reddog_ws/ros2_control/install/xsens_mti_ros2_driver/include/xsens_mti_ros2_driver/xsens_mti_ros2_driver/msg/detail
-- Up-to-date: /home/csl/reddog_ws/ros2_control/install/xsens_mti_ros2_driver/include/xsens_mti_ros2_driver/xsens_mti_ros2_driver/msg/detail/xs_status_word__rosidl_typesupport_fastrtps_c.h
-- Up-to-date: /home/csl/reddog_ws/ros2_control/install/xsens_mti_ros2_driver/lib/libxsens_mti_ros2_driver__rosidl_typesupport_fastrtps_c.so
-- Up-to-date: /home/csl/reddog_ws/ros2_control/install/xsens_mti_ros2_driver/include/xsens_mti_ros2_driver/xsens_mti_ros2_driver
-- Up-to-date: /home/csl/reddog_ws/ros2_control/install/xsens_mti_ros2_driver/include/xsens_mti_ros2_driver/xsens_mti_ros2_driver/msg
-- Up-to-date: /home/csl/reddog_ws/ros2_control/install/xsens_mti_ros2_driver/include/xsens_mti_ros2_driver/xsens_mti_ros2_driver/msg/detail
-- Up-to-date: /home/csl/reddog_ws/ros2_control/install/xsens_mti_ros2_driver/include/xsens_mti_ros2_driver/xsens_mti_ros2_driver/msg/detail/xs_status_word__builder.hpp
-- Up-to-date: /home/csl/reddog_ws/ros2_control/install/xsens_mti_ros2_driver/include/xsens_mti_ros2_driver/xsens_mti_ros2_driver/msg/detail/xs_status_word__traits.hpp
-- Up-to-date: /home/csl/reddog_ws/ros2_control/install/xsens_mti_ros2_driver/include/xsens_mti_ros2_driver/xsens_mti_ros2_driver/msg/detail/xs_status_word__struct.hpp
-- Up-to-date: /home/csl/reddog_ws/ros2_control/install/xsens_mti_ros2_driver/include/xsens_mti_ros2_driver/xsens_mti_ros2_driver/msg/detail/xs_status_word__type_support.hpp
-- Up-to-date: /home/csl/reddog_ws/ros2_control/install/xsens_mti_ros2_driver/include/xsens_mti_ros2_driver/xsens_mti_ros2_driver/msg/xs_status_word.hpp
-- Up-to-date: /home/csl/reddog_ws/ros2_control/install/xsens_mti_ros2_driver/include/xsens_mti_ros2_driver/xsens_mti_ros2_driver/msg/rosidl_generator_cpp__visibility_control.hpp
-- Up-to-date: /home/csl/reddog_ws/ros2_control/install/xsens_mti_ros2_driver/include/xsens_mti_ros2_driver/xsens_mti_ros2_driver
-- Up-to-date: /home/csl/reddog_ws/ros2_control/install/xsens_mti_ros2_driver/include/xsens_mti_ros2_driver/xsens_mti_ros2_driver/msg
-- Up-to-date: /home/csl/reddog_ws/ros2_control/install/xsens_mti_ros2_driver/include/xsens_mti_ros2_driver/xsens_mti_ros2_driver/msg/rosidl_typesupport_fastrtps_cpp__visibility_control.h
-- Up-to-date: /home/csl/reddog_ws/ros2_control/install/xsens_mti_ros2_driver/include/xsens_mti_ros2_driver/xsens_mti_ros2_driver/msg/detail
-- Up-to-date: /home/csl/reddog_ws/ros2_control/install/xsens_mti_ros2_driver/include/xsens_mti_ros2_driver/xsens_mti_ros2_driver/msg/detail/dds_fastrtps
-- Up-to-date: /home/csl/reddog_ws/ros2_control/install/xsens_mti_ros2_driver/include/xsens_mti_ros2_driver/xsens_mti_ros2_driver/msg/detail/xs_status_word__rosidl_typesupport_fastrtps_cpp.hpp
-- Up-to-date: /home/csl/reddog_ws/ros2_control/install/xsens_mti_ros2_driver/lib/libxsens_mti_ros2_driver__rosidl_typesupport_fastrtps_cpp.so
-- Up-to-date: /home/csl/reddog_ws/ros2_control/install/xsens_mti_ros2_driver/include/xsens_mti_ros2_driver/xsens_mti_ros2_driver
-- Up-to-date: /home/csl/reddog_ws/ros2_control/install/xsens_mti_ros2_driver/include/xsens_mti_ros2_driver/xsens_mti_ros2_driver/msg
-- Up-to-date: /home/csl/reddog_ws/ros2_control/install/xsens_mti_ros2_driver/include/xsens_mti_ros2_driver/xsens_mti_ros2_driver/msg/detail
-- Up-to-date: /home/csl/reddog_ws/ros2_control/install/xsens_mti_ros2_driver/include/xsens_mti_ros2_driver/xsens_mti_ros2_driver/msg/detail/xs_status_word__type_support.c
-- Up-to-date: /home/csl/reddog_ws/ros2_control/install/xsens_mti_ros2_driver/include/xsens_mti_ros2_driver/xsens_mti_ros2_driver/msg/detail/xs_status_word__rosidl_typesupport_introspection_c.h
-- Up-to-date: /home/csl/reddog_ws/ros2_control/install/xsens_mti_ros2_driver/include/xsens_mti_ros2_driver/xsens_mti_ros2_driver/msg/rosidl_typesupport_introspection_c__visibility_control.h
-- Up-to-date: /home/csl/reddog_ws/ros2_control/install/xsens_mti_ros2_driver/lib/libxsens_mti_ros2_driver__rosidl_typesupport_introspection_c.so
-- Up-to-date: /home/csl/reddog_ws/ros2_control/install/xsens_mti_ros2_driver/lib/libxsens_mti_ros2_driver__rosidl_typesupport_c.so
-- Up-to-date: /home/csl/reddog_ws/ros2_control/install/xsens_mti_ros2_driver/include/xsens_mti_ros2_driver/xsens_mti_ros2_driver
-- Up-to-date: /home/csl/reddog_ws/ros2_control/install/xsens_mti_ros2_driver/include/xsens_mti_ros2_driver/xsens_mti_ros2_driver/msg
-- Up-to-date: /home/csl/reddog_ws/ros2_control/install/xsens_mti_ros2_driver/include/xsens_mti_ros2_driver/xsens_mti_ros2_driver/msg/detail
-- Up-to-date: /home/csl/reddog_ws/ros2_control/install/xsens_mti_ros2_driver/include/xsens_mti_ros2_driver/xsens_mti_ros2_driver/msg/detail/xs_status_word__type_support.cpp
-- Up-to-date: /home/csl/reddog_ws/ros2_control/install/xsens_mti_ros2_driver/include/xsens_mti_ros2_driver/xsens_mti_ros2_driver/msg/detail/xs_status_word__rosidl_typesupport_introspection_cpp.hpp
-- Up-to-date: /home/csl/reddog_ws/ros2_control/install/xsens_mti_ros2_driver/lib/libxsens_mti_ros2_driver__rosidl_typesupport_introspection_cpp.so
-- Up-to-date: /home/csl/reddog_ws/ros2_control/install/xsens_mti_ros2_driver/lib/libxsens_mti_ros2_driver__rosidl_typesupport_cpp.so
-- Up-to-date: /home/csl/reddog_ws/ros2_control/install/xsens_mti_ros2_driver/share/xsens_mti_ros2_driver/environment/pythonpath.sh
-- Up-to-date: /home/csl/reddog_ws/ros2_control/install/xsens_mti_ros2_driver/share/xsens_mti_ros2_driver/environment/pythonpath.dsv
-- Up-to-date: /home/csl/reddog_ws/ros2_control/install/xsens_mti_ros2_driver/local/lib/python3.10/dist-packages/xsens_mti_ros2_driver-1.0.2-py3.10.egg-info
-- Installing: /home/csl/reddog_ws/ros2_control/install/xsens_mti_ros2_driver/local/lib/python3.10/dist-packages/xsens_mti_ros2_driver-1.0.2-py3.10.egg-info/PKG-INFO
-- Installing: /home/csl/reddog_ws/ros2_control/install/xsens_mti_ros2_driver/local/lib/python3.10/dist-packages/xsens_mti_ros2_driver-1.0.2-py3.10.egg-info/dependency_links.txt
-- Installing: /home/csl/reddog_ws/ros2_control/install/xsens_mti_ros2_driver/local/lib/python3.10/dist-packages/xsens_mti_ros2_driver-1.0.2-py3.10.egg-info/SOURCES.txt
-- Installing: /home/csl/reddog_ws/ros2_control/install/xsens_mti_ros2_driver/local/lib/python3.10/dist-packages/xsens_mti_ros2_driver-1.0.2-py3.10.egg-info/top_level.txt
-- Up-to-date: /home/csl/reddog_ws/ros2_control/install/xsens_mti_ros2_driver/local/lib/python3.10/dist-packages/xsens_mti_ros2_driver
-- Up-to-date: /home/csl/reddog_ws/ros2_control/install/xsens_mti_ros2_driver/local/lib/python3.10/dist-packages/xsens_mti_ros2_driver/_xsens_mti_ros2_driver_s.ep.rosidl_typesupport_c.c
-- Up-to-date: /home/csl/reddog_ws/ros2_control/install/xsens_mti_ros2_driver/local/lib/python3.10/dist-packages/xsens_mti_ros2_driver/msg
-- Up-to-date: /home/csl/reddog_ws/ros2_control/install/xsens_mti_ros2_driver/local/lib/python3.10/dist-packages/xsens_mti_ros2_driver/msg/_xs_status_word.py
-- Up-to-date: /home/csl/reddog_ws/ros2_control/install/xsens_mti_ros2_driver/local/lib/python3.10/dist-packages/xsens_mti_ros2_driver/msg/__init__.py
-- Up-to-date: /home/csl/reddog_ws/ros2_control/install/xsens_mti_ros2_driver/local/lib/python3.10/dist-packages/xsens_mti_ros2_driver/msg/_xs_status_word_s.c
-- Up-to-date: /home/csl/reddog_ws/ros2_control/install/xsens_mti_ros2_driver/local/lib/python3.10/dist-packages/xsens_mti_ros2_driver/libxsens_mti_ros2_driver__rosidl_generator_py.so
-- Up-to-date: /home/csl/reddog_ws/ros2_control/install/xsens_mti_ros2_driver/local/lib/python3.10/dist-packages/xsens_mti_ros2_driver/_xsens_mti_ros2_driver_s.ep.rosidl_typesupport_fastrtps_c.c
-- Up-to-date: /home/csl/reddog_ws/ros2_control/install/xsens_mti_ros2_driver/local/lib/python3.10/dist-packages/xsens_mti_ros2_driver/__init__.py
-- Up-to-date: /home/csl/reddog_ws/ros2_control/install/xsens_mti_ros2_driver/local/lib/python3.10/dist-packages/xsens_mti_ros2_driver/xsens_mti_ros2_driver_s__rosidl_typesupport_fastrtps_c.cpython-310-x86_64-linux-gnu.so
-- Up-to-date: /home/csl/reddog_ws/ros2_control/install/xsens_mti_ros2_driver/local/lib/python3.10/dist-packages/xsens_mti_ros2_driver/xsens_mti_ros2_driver_s__rosidl_typesupport_c.cpython-310-x86_64-linux-gnu.so
-- Up-to-date: /home/csl/reddog_ws/ros2_control/install/xsens_mti_ros2_driver/local/lib/python3.10/dist-packages/xsens_mti_ros2_driver/_xsens_mti_ros2_driver_s.ep.rosidl_typesupport_introspection_c.c
-- Up-to-date: /home/csl/reddog_ws/ros2_control/install/xsens_mti_ros2_driver/local/lib/python3.10/dist-packages/xsens_mti_ros2_driver/xsens_mti_ros2_driver_s__rosidl_typesupport_introspection_c.cpython-310-x86_64-linux-gnu.so
Listing '/home/csl/reddog_ws/ros2_control/install/xsens_mti_ros2_driver/local/lib/python3.10/dist-packages/xsens_mti_ros2_driver'...
Listing '/home/csl/reddog_ws/ros2_control/install/xsens_mti_ros2_driver/local/lib/python3.10/dist-packages/xsens_mti_ros2_driver/msg'...
-- Up-to-date: /home/csl/reddog_ws/ros2_control/install/xsens_mti_ros2_driver/local/lib/python3.10/dist-packages/xsens_mti_ros2_driver/xsens_mti_ros2_driver_s__rosidl_typesupport_fastrtps_c.cpython-310-x86_64-linux-gnu.so
-- Up-to-date: /home/csl/reddog_ws/ros2_control/install/xsens_mti_ros2_driver/local/lib/python3.10/dist-packages/xsens_mti_ros2_driver/xsens_mti_ros2_driver_s__rosidl_typesupport_introspection_c.cpython-310-x86_64-linux-gnu.so
-- Up-to-date: /home/csl/reddog_ws/ros2_control/install/xsens_mti_ros2_driver/local/lib/python3.10/dist-packages/xsens_mti_ros2_driver/xsens_mti_ros2_driver_s__rosidl_typesupport_c.cpython-310-x86_64-linux-gnu.so
-- Up-to-date: /home/csl/reddog_ws/ros2_control/install/xsens_mti_ros2_driver/lib/libxsens_mti_ros2_driver__rosidl_generator_py.so
-- Up-to-date: /home/csl/reddog_ws/ros2_control/install/xsens_mti_ros2_driver/share/xsens_mti_ros2_driver/msg/XsStatusWord.idl
-- Up-to-date: /home/csl/reddog_ws/ros2_control/install/xsens_mti_ros2_driver/share/xsens_mti_ros2_driver/msg/XsStatusWord.msg
-- Up-to-date: /home/csl/reddog_ws/ros2_control/install/xsens_mti_ros2_driver/lib/xsens_mti_ros2_driver/xsens_mti_node
-- Up-to-date: /home/csl/reddog_ws/ros2_control/install/xsens_mti_ros2_driver/share/xsens_mti_ros2_driver/launch
-- Up-to-date: /home/csl/reddog_ws/ros2_control/install/xsens_mti_ros2_driver/share/xsens_mti_ros2_driver/launch/display.launch.py
-- Up-to-date: /home/csl/reddog_ws/ros2_control/install/xsens_mti_ros2_driver/share/xsens_mti_ros2_driver/launch/xsens_mti_node.launch.py
-- Up-to-date: /home/csl/reddog_ws/ros2_control/install/xsens_mti_ros2_driver/share/xsens_mti_ros2_driver/param
-- Up-to-date: /home/csl/reddog_ws/ros2_control/install/xsens_mti_ros2_driver/share/xsens_mti_ros2_driver/param/xsens_mti_node.yaml
-- Up-to-date: /home/csl/reddog_ws/ros2_control/install/xsens_mti_ros2_driver/share/xsens_mti_ros2_driver/rviz
-- Up-to-date: /home/csl/reddog_ws/ros2_control/install/xsens_mti_ros2_driver/share/xsens_mti_ros2_driver/rviz/display.rviz
-- Up-to-date: /home/csl/reddog_ws/ros2_control/install/xsens_mti_ros2_driver/share/xsens_mti_ros2_driver/urdf
-- Up-to-date: /home/csl/reddog_ws/ros2_control/install/xsens_mti_ros2_driver/share/xsens_mti_ros2_driver/urdf/MTi_1.stl
-- Up-to-date: /home/csl/reddog_ws/ros2_control/install/xsens_mti_ros2_driver/share/xsens_mti_ros2_driver/urdf/MTi_6xx.urdf
-- Up-to-date: /home/csl/reddog_ws/ros2_control/install/xsens_mti_ros2_driver/share/xsens_mti_ros2_driver/urdf/MTi_1.urdf
-- Up-to-date: /home/csl/reddog_ws/ros2_control/install/xsens_mti_ros2_driver/share/xsens_mti_ros2_driver/urdf/MTi_10.stl
-- Up-to-date: /home/csl/reddog_ws/ros2_control/install/xsens_mti_ros2_driver/share/xsens_mti_ros2_driver/urdf/MTi_10.urdf
-- Up-to-date: /home/csl/reddog_ws/ros2_control/install/xsens_mti_ros2_driver/share/xsens_mti_ros2_driver/urdf/MTi_6xx.stl
-- Up-to-date: /home/csl/reddog_ws/ros2_control/install/xsens_mti_ros2_driver/share/ament_index/resource_index/package_run_dependencies/xsens_mti_ros2_driver
-- Up-to-date: /home/csl/reddog_ws/ros2_control/install/xsens_mti_ros2_driver/share/ament_index/resource_index/parent_prefix_path/xsens_mti_ros2_driver
-- Up-to-date: /home/csl/reddog_ws/ros2_control/install/xsens_mti_ros2_driver/share/xsens_mti_ros2_driver/environment/ament_prefix_path.sh
-- Up-to-date: /home/csl/reddog_ws/ros2_control/install/xsens_mti_ros2_driver/share/xsens_mti_ros2_driver/environment/ament_prefix_path.dsv
-- Up-to-date: /home/csl/reddog_ws/ros2_control/install/xsens_mti_ros2_driver/share/xsens_mti_ros2_driver/environment/path.sh
-- Up-to-date: /home/csl/reddog_ws/ros2_control/install/xsens_mti_ros2_driver/share/xsens_mti_ros2_driver/environment/path.dsv
-- Up-to-date: /home/csl/reddog_ws/ros2_control/install/xsens_mti_ros2_driver/share/xsens_mti_ros2_driver/local_setup.bash
-- Up-to-date: /home/csl/reddog_ws/ros2_control/install/xsens_mti_ros2_driver/share/xsens_mti_ros2_driver/local_setup.sh
-- Up-to-date: /home/csl/reddog_ws/ros2_control/install/xsens_mti_ros2_driver/share/xsens_mti_ros2_driver/local_setup.zsh
-- Up-to-date: /home/csl/reddog_ws/ros2_control/install/xsens_mti_ros2_driver/share/xsens_mti_ros2_driver/local_setup.dsv
-- Installing: /home/csl/reddog_ws/ros2_control/install/xsens_mti_ros2_driver/share/xsens_mti_ros2_driver/package.dsv
-- Up-to-date: /home/csl/reddog_ws/ros2_control/install/xsens_mti_ros2_driver/share/ament_index/resource_index/packages/xsens_mti_ros2_driver
-- Up-to-date: /home/csl/reddog_ws/ros2_control/install/xsens_mti_ros2_driver/share/xsens_mti_ros2_driver/cmake/export_xsens_mti_ros2_driver__rosidl_generator_cExport.cmake
-- Up-to-date: /home/csl/reddog_ws/ros2_control/install/xsens_mti_ros2_driver/share/xsens_mti_ros2_driver/cmake/export_xsens_mti_ros2_driver__rosidl_generator_cExport-noconfig.cmake
-- Up-to-date: /home/csl/reddog_ws/ros2_control/install/xsens_mti_ros2_driver/share/xsens_mti_ros2_driver/cmake/export_xsens_mti_ros2_driver__rosidl_typesupport_fastrtps_cExport.cmake
-- Up-to-date: /home/csl/reddog_ws/ros2_control/install/xsens_mti_ros2_driver/share/xsens_mti_ros2_driver/cmake/export_xsens_mti_ros2_driver__rosidl_typesupport_fastrtps_cExport-noconfig.cmake
-- Up-to-date: /home/csl/reddog_ws/ros2_control/install/xsens_mti_ros2_driver/share/xsens_mti_ros2_driver/cmake/export_xsens_mti_ros2_driver__rosidl_generator_cppExport.cmake
-- Up-to-date: /home/csl/reddog_ws/ros2_control/install/xsens_mti_ros2_driver/share/xsens_mti_ros2_driver/cmake/export_xsens_mti_ros2_driver__rosidl_typesupport_fastrtps_cppExport.cmake
-- Up-to-date: /home/csl/reddog_ws/ros2_control/install/xsens_mti_ros2_driver/share/xsens_mti_ros2_driver/cmake/export_xsens_mti_ros2_driver__rosidl_typesupport_fastrtps_cppExport-noconfig.cmake
-- Up-to-date: /home/csl/reddog_ws/ros2_control/install/xsens_mti_ros2_driver/share/xsens_mti_ros2_driver/cmake/xsens_mti_ros2_driver__rosidl_typesupport_introspection_cExport.cmake
-- Up-to-date: /home/csl/reddog_ws/ros2_control/install/xsens_mti_ros2_driver/share/xsens_mti_ros2_driver/cmake/xsens_mti_ros2_driver__rosidl_typesupport_introspection_cExport-noconfig.cmake
-- Up-to-date: /home/csl/reddog_ws/ros2_control/install/xsens_mti_ros2_driver/share/xsens_mti_ros2_driver/cmake/xsens_mti_ros2_driver__rosidl_typesupport_cExport.cmake
-- Up-to-date: /home/csl/reddog_ws/ros2_control/install/xsens_mti_ros2_driver/share/xsens_mti_ros2_driver/cmake/xsens_mti_ros2_driver__rosidl_typesupport_cExport-noconfig.cmake
-- Up-to-date: /home/csl/reddog_ws/ros2_control/install/xsens_mti_ros2_driver/share/xsens_mti_ros2_driver/cmake/xsens_mti_ros2_driver__rosidl_typesupport_introspection_cppExport.cmake
-- Up-to-date: /home/csl/reddog_ws/ros2_control/install/xsens_mti_ros2_driver/share/xsens_mti_ros2_driver/cmake/xsens_mti_ros2_driver__rosidl_typesupport_introspection_cppExport-noconfig.cmake
-- Up-to-date: /home/csl/reddog_ws/ros2_control/install/xsens_mti_ros2_driver/share/xsens_mti_ros2_driver/cmake/xsens_mti_ros2_driver__rosidl_typesupport_cppExport.cmake
-- Up-to-date: /home/csl/reddog_ws/ros2_control/install/xsens_mti_ros2_driver/share/xsens_mti_ros2_driver/cmake/xsens_mti_ros2_driver__rosidl_typesupport_cppExport-noconfig.cmake
-- Up-to-date: /home/csl/reddog_ws/ros2_control/install/xsens_mti_ros2_driver/share/xsens_mti_ros2_driver/cmake/export_xsens_mti_ros2_driver__rosidl_generator_pyExport.cmake
-- Up-to-date: /home/csl/reddog_ws/ros2_control/install/xsens_mti_ros2_driver/share/xsens_mti_ros2_driver/cmake/export_xsens_mti_ros2_driver__rosidl_generator_pyExport-noconfig.cmake
-- Up-to-date: /home/csl/reddog_ws/ros2_control/install/xsens_mti_ros2_driver/share/xsens_mti_ros2_driver/cmake/rosidl_cmake-extras.cmake
-- Up-to-date: /home/csl/reddog_ws/ros2_control/install/xsens_mti_ros2_driver/share/xsens_mti_ros2_driver/cmake/ament_cmake_export_dependencies-extras.cmake
-- Up-to-date: /home/csl/reddog_ws/ros2_control/install/xsens_mti_ros2_driver/share/xsens_mti_ros2_driver/cmake/ament_cmake_export_include_directories-extras.cmake
-- Up-to-date: /home/csl/reddog_ws/ros2_control/install/xsens_mti_ros2_driver/share/xsens_mti_ros2_driver/cmake/ament_cmake_export_libraries-extras.cmake
-- Up-to-date: /home/csl/reddog_ws/ros2_control/install/xsens_mti_ros2_driver/share/xsens_mti_ros2_driver/cmake/ament_cmake_export_targets-extras.cmake
-- Up-to-date: /home/csl/reddog_ws/ros2_control/install/xsens_mti_ros2_driver/share/xsens_mti_ros2_driver/cmake/rosidl_cmake_export_typesupport_targets-extras.cmake
-- Up-to-date: /home/csl/reddog_ws/ros2_control/install/xsens_mti_ros2_driver/share/xsens_mti_ros2_driver/cmake/rosidl_cmake_export_typesupport_libraries-extras.cmake
-- Up-to-date: /home/csl/reddog_ws/ros2_control/install/xsens_mti_ros2_driver/share/xsens_mti_ros2_driver/cmake/xsens_mti_ros2_driverConfig.cmake
-- Up-to-date: /home/csl/reddog_ws/ros2_control/install/xsens_mti_ros2_driver/share/xsens_mti_ros2_driver/cmake/xsens_mti_ros2_driverConfig-version.cmake
-- Up-to-date: /home/csl/reddog_ws/ros2_control/install/xsens_mti_ros2_driver/share/xsens_mti_ros2_driver/package.xml
