[0.484s] Invoking command in '/home/csl/reddog_ws/ros2_control/build/xsens_mti_ros2_driver': CMAKE_PREFIX_PATH=${CMAKE_PREFIX_PATH}:/home/csl/reddog_ws/ros2_control/install/reddog_hardware:/home/csl/reddog_ws/ros2_control/install/joystick:/home/csl/reddog_ws/ros2_control/install/hardware_dds_bridge:/opt/ros/humble /usr/bin/cmake --build /home/csl/reddog_ws/ros2_control/build/xsens_mti_ros2_driver -- -j12 -l12
[0.521s] [35m[1mConsolidate compiler generated dependencies of target xsens_mti_ros2_driver__rosidl_generator_c[0m
[0.530s] [  6%] Built target xsens_mti_ros2_driver__cpp
[0.531s] [ 19%] Built target xspublic
[0.531s] [ 26%] Built target xsens_mti_ros2_driver__rosidl_generator_c
[0.539s] [ 26%] Built target ament_cmake_python_copy_xsens_mti_ros2_driver
[0.540s] [35m[1mConsolidate compiler generated dependencies of target xsens_mti_ros2_driver__rosidl_typesupport_fastrtps_cpp[0m
[0.540s] [35m[1mConsolidate compiler generated dependencies of target xsens_mti_ros2_driver__rosidl_typesupport_cpp[0m
[0.540s] [35m[1mConsolidate compiler generated dependencies of target xsens_mti_ros2_driver__rosidl_typesupport_c[0m
[0.540s] [35m[1mConsolidate compiler generated dependencies of target xsens_mti_ros2_driver__rosidl_typesupport_introspection_cpp[0m
[0.547s] [35m[1mConsolidate compiler generated dependencies of target xsens_mti_ros2_driver__rosidl_typesupport_introspection_c[0m
[0.551s] [35m[1mConsolidate compiler generated dependencies of target xsens_mti_ros2_driver__rosidl_typesupport_fastrtps_c[0m
[0.551s] [ 32%] Built target xsens_mti_ros2_driver__rosidl_typesupport_cpp
[0.552s] [ 39%] Built target xsens_mti_ros2_driver__rosidl_typesupport_fastrtps_cpp
[0.556s] [ 58%] Built target xsens_mti_ros2_driver__rosidl_typesupport_introspection_cpp
[0.557s] [ 58%] Built target xsens_mti_ros2_driver__rosidl_typesupport_c
[0.557s] [ 58%] Built target xsens_mti_ros2_driver__rosidl_typesupport_introspection_c
[0.564s] [ 65%] Built target xsens_mti_ros2_driver__rosidl_typesupport_fastrtps_c
[0.583s] [ 65%] Built target xsens_mti_ros2_driver
[0.597s] [35m[1mConsolidate compiler generated dependencies of target xsens_mti_node[0m
[0.604s] [ 67%] Built target xsens_mti_ros2_driver__py
[0.615s] [35m[1mConsolidate compiler generated dependencies of target xsens_mti_ros2_driver__rosidl_generator_py[0m
[0.627s] [ 82%] Built target xsens_mti_node
[0.627s] [ 86%] Built target xsens_mti_ros2_driver__rosidl_generator_py
[0.638s] [35m[1mConsolidate compiler generated dependencies of target xsens_mti_ros2_driver__rosidl_typesupport_introspection_c__pyext[0m
[0.638s] [35m[1mConsolidate compiler generated dependencies of target xsens_mti_ros2_driver__rosidl_typesupport_fastrtps_c__pyext[0m
[0.638s] [35m[1mConsolidate compiler generated dependencies of target xsens_mti_ros2_driver__rosidl_typesupport_c__pyext[0m
[0.648s] [ 91%] Built target xsens_mti_ros2_driver__rosidl_typesupport_fastrtps_c__pyext
[0.650s] [100%] Built target xsens_mti_ros2_driver__rosidl_typesupport_introspection_c__pyext
[0.650s] [100%] Built target xsens_mti_ros2_driver__rosidl_typesupport_c__pyext
[0.832s] running egg_info
[0.833s] writing xsens_mti_ros2_driver.egg-info/PKG-INFO
[0.833s] writing dependency_links to xsens_mti_ros2_driver.egg-info/dependency_links.txt
[0.834s] writing top-level names to xsens_mti_ros2_driver.egg-info/top_level.txt
[0.836s] reading manifest file 'xsens_mti_ros2_driver.egg-info/SOURCES.txt'
[0.837s] writing manifest file 'xsens_mti_ros2_driver.egg-info/SOURCES.txt'
[0.868s] [100%] Built target ament_cmake_python_build_xsens_mti_ros2_driver_egg
[0.880s] Invoked command in '/home/csl/reddog_ws/ros2_control/build/xsens_mti_ros2_driver' returned '0': CMAKE_PREFIX_PATH=${CMAKE_PREFIX_PATH}:/home/csl/reddog_ws/ros2_control/install/reddog_hardware:/home/csl/reddog_ws/ros2_control/install/joystick:/home/csl/reddog_ws/ros2_control/install/hardware_dds_bridge:/opt/ros/humble /usr/bin/cmake --build /home/csl/reddog_ws/ros2_control/build/xsens_mti_ros2_driver -- -j12 -l12
[0.881s] Invoking command in '/home/csl/reddog_ws/ros2_control/build/xsens_mti_ros2_driver': CMAKE_PREFIX_PATH=${CMAKE_PREFIX_PATH}:/home/csl/reddog_ws/ros2_control/install/reddog_hardware:/home/csl/reddog_ws/ros2_control/install/joystick:/home/csl/reddog_ws/ros2_control/install/hardware_dds_bridge:/opt/ros/humble /usr/bin/cmake --install /home/csl/reddog_ws/ros2_control/build/xsens_mti_ros2_driver
[0.890s] -- Install configuration: ""
[0.890s] -- Up-to-date: /home/csl/reddog_ws/ros2_control/install/xsens_mti_ros2_driver/share/ament_index/resource_index/rosidl_interfaces/xsens_mti_ros2_driver
[0.891s] -- Up-to-date: /home/csl/reddog_ws/ros2_control/install/xsens_mti_ros2_driver/include/xsens_mti_ros2_driver/xsens_mti_ros2_driver
[0.891s] -- Up-to-date: /home/csl/reddog_ws/ros2_control/install/xsens_mti_ros2_driver/include/xsens_mti_ros2_driver/xsens_mti_ros2_driver/msg
[0.891s] -- Up-to-date: /home/csl/reddog_ws/ros2_control/install/xsens_mti_ros2_driver/include/xsens_mti_ros2_driver/xsens_mti_ros2_driver/msg/detail
[0.891s] -- Up-to-date: /home/csl/reddog_ws/ros2_control/install/xsens_mti_ros2_driver/include/xsens_mti_ros2_driver/xsens_mti_ros2_driver/msg/detail/xs_status_word__struct.h
[0.891s] -- Up-to-date: /home/csl/reddog_ws/ros2_control/install/xsens_mti_ros2_driver/include/xsens_mti_ros2_driver/xsens_mti_ros2_driver/msg/detail/xs_status_word__type_support.h
[0.891s] -- Up-to-date: /home/csl/reddog_ws/ros2_control/install/xsens_mti_ros2_driver/include/xsens_mti_ros2_driver/xsens_mti_ros2_driver/msg/detail/xs_status_word__functions.h
[0.891s] -- Up-to-date: /home/csl/reddog_ws/ros2_control/install/xsens_mti_ros2_driver/include/xsens_mti_ros2_driver/xsens_mti_ros2_driver/msg/detail/xs_status_word__functions.c
[0.891s] -- Up-to-date: /home/csl/reddog_ws/ros2_control/install/xsens_mti_ros2_driver/include/xsens_mti_ros2_driver/xsens_mti_ros2_driver/msg/rosidl_generator_c__visibility_control.h
[0.891s] -- Up-to-date: /home/csl/reddog_ws/ros2_control/install/xsens_mti_ros2_driver/include/xsens_mti_ros2_driver/xsens_mti_ros2_driver/msg/xs_status_word.h
[0.891s] -- Up-to-date: /home/csl/reddog_ws/ros2_control/install/xsens_mti_ros2_driver/share/xsens_mti_ros2_driver/environment/library_path.sh
[0.891s] -- Up-to-date: /home/csl/reddog_ws/ros2_control/install/xsens_mti_ros2_driver/share/xsens_mti_ros2_driver/environment/library_path.dsv
[0.891s] -- Up-to-date: /home/csl/reddog_ws/ros2_control/install/xsens_mti_ros2_driver/lib/libxsens_mti_ros2_driver__rosidl_generator_c.so
[0.891s] -- Up-to-date: /home/csl/reddog_ws/ros2_control/install/xsens_mti_ros2_driver/include/xsens_mti_ros2_driver/xsens_mti_ros2_driver
[0.892s] -- Up-to-date: /home/csl/reddog_ws/ros2_control/install/xsens_mti_ros2_driver/include/xsens_mti_ros2_driver/xsens_mti_ros2_driver/msg
[0.892s] -- Up-to-date: /home/csl/reddog_ws/ros2_control/install/xsens_mti_ros2_driver/include/xsens_mti_ros2_driver/xsens_mti_ros2_driver/msg/rosidl_typesupport_fastrtps_c__visibility_control.h
[0.892s] -- Up-to-date: /home/csl/reddog_ws/ros2_control/install/xsens_mti_ros2_driver/include/xsens_mti_ros2_driver/xsens_mti_ros2_driver/msg/detail
[0.892s] -- Up-to-date: /home/csl/reddog_ws/ros2_control/install/xsens_mti_ros2_driver/include/xsens_mti_ros2_driver/xsens_mti_ros2_driver/msg/detail/xs_status_word__rosidl_typesupport_fastrtps_c.h
[0.892s] -- Up-to-date: /home/csl/reddog_ws/ros2_control/install/xsens_mti_ros2_driver/lib/libxsens_mti_ros2_driver__rosidl_typesupport_fastrtps_c.so
[0.892s] -- Up-to-date: /home/csl/reddog_ws/ros2_control/install/xsens_mti_ros2_driver/include/xsens_mti_ros2_driver/xsens_mti_ros2_driver
[0.892s] -- Up-to-date: /home/csl/reddog_ws/ros2_control/install/xsens_mti_ros2_driver/include/xsens_mti_ros2_driver/xsens_mti_ros2_driver/msg
[0.892s] -- Up-to-date: /home/csl/reddog_ws/ros2_control/install/xsens_mti_ros2_driver/include/xsens_mti_ros2_driver/xsens_mti_ros2_driver/msg/detail
[0.892s] -- Up-to-date: /home/csl/reddog_ws/ros2_control/install/xsens_mti_ros2_driver/include/xsens_mti_ros2_driver/xsens_mti_ros2_driver/msg/detail/xs_status_word__builder.hpp
[0.892s] -- Up-to-date: /home/csl/reddog_ws/ros2_control/install/xsens_mti_ros2_driver/include/xsens_mti_ros2_driver/xsens_mti_ros2_driver/msg/detail/xs_status_word__traits.hpp
[0.892s] -- Up-to-date: /home/csl/reddog_ws/ros2_control/install/xsens_mti_ros2_driver/include/xsens_mti_ros2_driver/xsens_mti_ros2_driver/msg/detail/xs_status_word__struct.hpp
[0.893s] -- Up-to-date: /home/csl/reddog_ws/ros2_control/install/xsens_mti_ros2_driver/include/xsens_mti_ros2_driver/xsens_mti_ros2_driver/msg/detail/xs_status_word__type_support.hpp
[0.893s] -- Up-to-date: /home/csl/reddog_ws/ros2_control/install/xsens_mti_ros2_driver/include/xsens_mti_ros2_driver/xsens_mti_ros2_driver/msg/xs_status_word.hpp
[0.893s] -- Up-to-date: /home/csl/reddog_ws/ros2_control/install/xsens_mti_ros2_driver/include/xsens_mti_ros2_driver/xsens_mti_ros2_driver/msg/rosidl_generator_cpp__visibility_control.hpp
[0.893s] -- Up-to-date: /home/csl/reddog_ws/ros2_control/install/xsens_mti_ros2_driver/include/xsens_mti_ros2_driver/xsens_mti_ros2_driver
[0.893s] -- Up-to-date: /home/csl/reddog_ws/ros2_control/install/xsens_mti_ros2_driver/include/xsens_mti_ros2_driver/xsens_mti_ros2_driver/msg
[0.893s] -- Up-to-date: /home/csl/reddog_ws/ros2_control/install/xsens_mti_ros2_driver/include/xsens_mti_ros2_driver/xsens_mti_ros2_driver/msg/rosidl_typesupport_fastrtps_cpp__visibility_control.h
[0.893s] -- Up-to-date: /home/csl/reddog_ws/ros2_control/install/xsens_mti_ros2_driver/include/xsens_mti_ros2_driver/xsens_mti_ros2_driver/msg/detail
[0.893s] -- Up-to-date: /home/csl/reddog_ws/ros2_control/install/xsens_mti_ros2_driver/include/xsens_mti_ros2_driver/xsens_mti_ros2_driver/msg/detail/dds_fastrtps
[0.893s] -- Up-to-date: /home/csl/reddog_ws/ros2_control/install/xsens_mti_ros2_driver/include/xsens_mti_ros2_driver/xsens_mti_ros2_driver/msg/detail/xs_status_word__rosidl_typesupport_fastrtps_cpp.hpp
[0.893s] -- Up-to-date: /home/csl/reddog_ws/ros2_control/install/xsens_mti_ros2_driver/lib/libxsens_mti_ros2_driver__rosidl_typesupport_fastrtps_cpp.so
[0.893s] -- Up-to-date: /home/csl/reddog_ws/ros2_control/install/xsens_mti_ros2_driver/include/xsens_mti_ros2_driver/xsens_mti_ros2_driver
[0.893s] -- Up-to-date: /home/csl/reddog_ws/ros2_control/install/xsens_mti_ros2_driver/include/xsens_mti_ros2_driver/xsens_mti_ros2_driver/msg
[0.893s] -- Up-to-date: /home/csl/reddog_ws/ros2_control/install/xsens_mti_ros2_driver/include/xsens_mti_ros2_driver/xsens_mti_ros2_driver/msg/detail
[0.894s] -- Up-to-date: /home/csl/reddog_ws/ros2_control/install/xsens_mti_ros2_driver/include/xsens_mti_ros2_driver/xsens_mti_ros2_driver/msg/detail/xs_status_word__type_support.c
[0.894s] -- Up-to-date: /home/csl/reddog_ws/ros2_control/install/xsens_mti_ros2_driver/include/xsens_mti_ros2_driver/xsens_mti_ros2_driver/msg/detail/xs_status_word__rosidl_typesupport_introspection_c.h
[0.894s] -- Up-to-date: /home/csl/reddog_ws/ros2_control/install/xsens_mti_ros2_driver/include/xsens_mti_ros2_driver/xsens_mti_ros2_driver/msg/rosidl_typesupport_introspection_c__visibility_control.h
[0.894s] -- Up-to-date: /home/csl/reddog_ws/ros2_control/install/xsens_mti_ros2_driver/lib/libxsens_mti_ros2_driver__rosidl_typesupport_introspection_c.so
[0.894s] -- Up-to-date: /home/csl/reddog_ws/ros2_control/install/xsens_mti_ros2_driver/lib/libxsens_mti_ros2_driver__rosidl_typesupport_c.so
[0.894s] -- Up-to-date: /home/csl/reddog_ws/ros2_control/install/xsens_mti_ros2_driver/include/xsens_mti_ros2_driver/xsens_mti_ros2_driver
[0.894s] -- Up-to-date: /home/csl/reddog_ws/ros2_control/install/xsens_mti_ros2_driver/include/xsens_mti_ros2_driver/xsens_mti_ros2_driver/msg
[0.894s] -- Up-to-date: /home/csl/reddog_ws/ros2_control/install/xsens_mti_ros2_driver/include/xsens_mti_ros2_driver/xsens_mti_ros2_driver/msg/detail
[0.894s] -- Up-to-date: /home/csl/reddog_ws/ros2_control/install/xsens_mti_ros2_driver/include/xsens_mti_ros2_driver/xsens_mti_ros2_driver/msg/detail/xs_status_word__type_support.cpp
[0.894s] -- Up-to-date: /home/csl/reddog_ws/ros2_control/install/xsens_mti_ros2_driver/include/xsens_mti_ros2_driver/xsens_mti_ros2_driver/msg/detail/xs_status_word__rosidl_typesupport_introspection_cpp.hpp
[0.894s] -- Up-to-date: /home/csl/reddog_ws/ros2_control/install/xsens_mti_ros2_driver/lib/libxsens_mti_ros2_driver__rosidl_typesupport_introspection_cpp.so
[0.894s] -- Up-to-date: /home/csl/reddog_ws/ros2_control/install/xsens_mti_ros2_driver/lib/libxsens_mti_ros2_driver__rosidl_typesupport_cpp.so
[0.894s] -- Up-to-date: /home/csl/reddog_ws/ros2_control/install/xsens_mti_ros2_driver/share/xsens_mti_ros2_driver/environment/pythonpath.sh
[0.895s] -- Up-to-date: /home/csl/reddog_ws/ros2_control/install/xsens_mti_ros2_driver/share/xsens_mti_ros2_driver/environment/pythonpath.dsv
[0.895s] -- Up-to-date: /home/csl/reddog_ws/ros2_control/install/xsens_mti_ros2_driver/local/lib/python3.10/dist-packages/xsens_mti_ros2_driver-1.0.2-py3.10.egg-info
[0.895s] -- Installing: /home/csl/reddog_ws/ros2_control/install/xsens_mti_ros2_driver/local/lib/python3.10/dist-packages/xsens_mti_ros2_driver-1.0.2-py3.10.egg-info/PKG-INFO
[0.895s] -- Installing: /home/csl/reddog_ws/ros2_control/install/xsens_mti_ros2_driver/local/lib/python3.10/dist-packages/xsens_mti_ros2_driver-1.0.2-py3.10.egg-info/dependency_links.txt
[0.895s] -- Installing: /home/csl/reddog_ws/ros2_control/install/xsens_mti_ros2_driver/local/lib/python3.10/dist-packages/xsens_mti_ros2_driver-1.0.2-py3.10.egg-info/SOURCES.txt
[0.895s] -- Installing: /home/csl/reddog_ws/ros2_control/install/xsens_mti_ros2_driver/local/lib/python3.10/dist-packages/xsens_mti_ros2_driver-1.0.2-py3.10.egg-info/top_level.txt
[0.895s] -- Up-to-date: /home/csl/reddog_ws/ros2_control/install/xsens_mti_ros2_driver/local/lib/python3.10/dist-packages/xsens_mti_ros2_driver
[0.895s] -- Up-to-date: /home/csl/reddog_ws/ros2_control/install/xsens_mti_ros2_driver/local/lib/python3.10/dist-packages/xsens_mti_ros2_driver/_xsens_mti_ros2_driver_s.ep.rosidl_typesupport_c.c
[0.895s] -- Up-to-date: /home/csl/reddog_ws/ros2_control/install/xsens_mti_ros2_driver/local/lib/python3.10/dist-packages/xsens_mti_ros2_driver/msg
[0.895s] -- Up-to-date: /home/csl/reddog_ws/ros2_control/install/xsens_mti_ros2_driver/local/lib/python3.10/dist-packages/xsens_mti_ros2_driver/msg/_xs_status_word.py
[0.895s] -- Up-to-date: /home/csl/reddog_ws/ros2_control/install/xsens_mti_ros2_driver/local/lib/python3.10/dist-packages/xsens_mti_ros2_driver/msg/__init__.py
[0.895s] -- Up-to-date: /home/csl/reddog_ws/ros2_control/install/xsens_mti_ros2_driver/local/lib/python3.10/dist-packages/xsens_mti_ros2_driver/msg/_xs_status_word_s.c
[0.895s] -- Up-to-date: /home/csl/reddog_ws/ros2_control/install/xsens_mti_ros2_driver/local/lib/python3.10/dist-packages/xsens_mti_ros2_driver/libxsens_mti_ros2_driver__rosidl_generator_py.so
[0.896s] -- Up-to-date: /home/csl/reddog_ws/ros2_control/install/xsens_mti_ros2_driver/local/lib/python3.10/dist-packages/xsens_mti_ros2_driver/_xsens_mti_ros2_driver_s.ep.rosidl_typesupport_fastrtps_c.c
[0.896s] -- Up-to-date: /home/csl/reddog_ws/ros2_control/install/xsens_mti_ros2_driver/local/lib/python3.10/dist-packages/xsens_mti_ros2_driver/__init__.py
[0.896s] -- Up-to-date: /home/csl/reddog_ws/ros2_control/install/xsens_mti_ros2_driver/local/lib/python3.10/dist-packages/xsens_mti_ros2_driver/xsens_mti_ros2_driver_s__rosidl_typesupport_fastrtps_c.cpython-310-x86_64-linux-gnu.so
[0.896s] -- Up-to-date: /home/csl/reddog_ws/ros2_control/install/xsens_mti_ros2_driver/local/lib/python3.10/dist-packages/xsens_mti_ros2_driver/xsens_mti_ros2_driver_s__rosidl_typesupport_c.cpython-310-x86_64-linux-gnu.so
[0.896s] -- Up-to-date: /home/csl/reddog_ws/ros2_control/install/xsens_mti_ros2_driver/local/lib/python3.10/dist-packages/xsens_mti_ros2_driver/_xsens_mti_ros2_driver_s.ep.rosidl_typesupport_introspection_c.c
[0.896s] -- Up-to-date: /home/csl/reddog_ws/ros2_control/install/xsens_mti_ros2_driver/local/lib/python3.10/dist-packages/xsens_mti_ros2_driver/xsens_mti_ros2_driver_s__rosidl_typesupport_introspection_c.cpython-310-x86_64-linux-gnu.so
[0.927s] Listing '/home/csl/reddog_ws/ros2_control/install/xsens_mti_ros2_driver/local/lib/python3.10/dist-packages/xsens_mti_ros2_driver'...
[0.927s] Listing '/home/csl/reddog_ws/ros2_control/install/xsens_mti_ros2_driver/local/lib/python3.10/dist-packages/xsens_mti_ros2_driver/msg'...
[0.930s] -- Up-to-date: /home/csl/reddog_ws/ros2_control/install/xsens_mti_ros2_driver/local/lib/python3.10/dist-packages/xsens_mti_ros2_driver/xsens_mti_ros2_driver_s__rosidl_typesupport_fastrtps_c.cpython-310-x86_64-linux-gnu.so
[0.931s] -- Up-to-date: /home/csl/reddog_ws/ros2_control/install/xsens_mti_ros2_driver/local/lib/python3.10/dist-packages/xsens_mti_ros2_driver/xsens_mti_ros2_driver_s__rosidl_typesupport_introspection_c.cpython-310-x86_64-linux-gnu.so
[0.931s] -- Up-to-date: /home/csl/reddog_ws/ros2_control/install/xsens_mti_ros2_driver/local/lib/python3.10/dist-packages/xsens_mti_ros2_driver/xsens_mti_ros2_driver_s__rosidl_typesupport_c.cpython-310-x86_64-linux-gnu.so
[0.931s] -- Up-to-date: /home/csl/reddog_ws/ros2_control/install/xsens_mti_ros2_driver/lib/libxsens_mti_ros2_driver__rosidl_generator_py.so
[0.931s] -- Up-to-date: /home/csl/reddog_ws/ros2_control/install/xsens_mti_ros2_driver/share/xsens_mti_ros2_driver/msg/XsStatusWord.idl
[0.931s] -- Up-to-date: /home/csl/reddog_ws/ros2_control/install/xsens_mti_ros2_driver/share/xsens_mti_ros2_driver/msg/XsStatusWord.msg
[0.932s] -- Up-to-date: /home/csl/reddog_ws/ros2_control/install/xsens_mti_ros2_driver/lib/xsens_mti_ros2_driver/xsens_mti_node
[0.932s] -- Up-to-date: /home/csl/reddog_ws/ros2_control/install/xsens_mti_ros2_driver/share/xsens_mti_ros2_driver/launch
[0.932s] -- Up-to-date: /home/csl/reddog_ws/ros2_control/install/xsens_mti_ros2_driver/share/xsens_mti_ros2_driver/launch/display.launch.py
[0.932s] -- Up-to-date: /home/csl/reddog_ws/ros2_control/install/xsens_mti_ros2_driver/share/xsens_mti_ros2_driver/launch/xsens_mti_node.launch.py
[0.932s] -- Up-to-date: /home/csl/reddog_ws/ros2_control/install/xsens_mti_ros2_driver/share/xsens_mti_ros2_driver/param
[0.932s] -- Up-to-date: /home/csl/reddog_ws/ros2_control/install/xsens_mti_ros2_driver/share/xsens_mti_ros2_driver/param/xsens_mti_node.yaml
[0.932s] -- Up-to-date: /home/csl/reddog_ws/ros2_control/install/xsens_mti_ros2_driver/share/xsens_mti_ros2_driver/rviz
[0.932s] -- Up-to-date: /home/csl/reddog_ws/ros2_control/install/xsens_mti_ros2_driver/share/xsens_mti_ros2_driver/rviz/display.rviz
[0.932s] -- Up-to-date: /home/csl/reddog_ws/ros2_control/install/xsens_mti_ros2_driver/share/xsens_mti_ros2_driver/urdf
[0.933s] -- Up-to-date: /home/csl/reddog_ws/ros2_control/install/xsens_mti_ros2_driver/share/xsens_mti_ros2_driver/urdf/MTi_1.stl
[0.933s] -- Up-to-date: /home/csl/reddog_ws/ros2_control/install/xsens_mti_ros2_driver/share/xsens_mti_ros2_driver/urdf/MTi_6xx.urdf
[0.933s] -- Up-to-date: /home/csl/reddog_ws/ros2_control/install/xsens_mti_ros2_driver/share/xsens_mti_ros2_driver/urdf/MTi_1.urdf
[0.933s] -- Up-to-date: /home/csl/reddog_ws/ros2_control/install/xsens_mti_ros2_driver/share/xsens_mti_ros2_driver/urdf/MTi_10.stl
[0.933s] -- Up-to-date: /home/csl/reddog_ws/ros2_control/install/xsens_mti_ros2_driver/share/xsens_mti_ros2_driver/urdf/MTi_10.urdf
[0.933s] -- Up-to-date: /home/csl/reddog_ws/ros2_control/install/xsens_mti_ros2_driver/share/xsens_mti_ros2_driver/urdf/MTi_6xx.stl
[0.933s] -- Up-to-date: /home/csl/reddog_ws/ros2_control/install/xsens_mti_ros2_driver/share/ament_index/resource_index/package_run_dependencies/xsens_mti_ros2_driver
[0.933s] -- Up-to-date: /home/csl/reddog_ws/ros2_control/install/xsens_mti_ros2_driver/share/ament_index/resource_index/parent_prefix_path/xsens_mti_ros2_driver
[0.933s] -- Up-to-date: /home/csl/reddog_ws/ros2_control/install/xsens_mti_ros2_driver/share/xsens_mti_ros2_driver/environment/ament_prefix_path.sh
[0.933s] -- Up-to-date: /home/csl/reddog_ws/ros2_control/install/xsens_mti_ros2_driver/share/xsens_mti_ros2_driver/environment/ament_prefix_path.dsv
[0.933s] -- Up-to-date: /home/csl/reddog_ws/ros2_control/install/xsens_mti_ros2_driver/share/xsens_mti_ros2_driver/environment/path.sh
[0.933s] -- Up-to-date: /home/csl/reddog_ws/ros2_control/install/xsens_mti_ros2_driver/share/xsens_mti_ros2_driver/environment/path.dsv
[0.933s] -- Up-to-date: /home/csl/reddog_ws/ros2_control/install/xsens_mti_ros2_driver/share/xsens_mti_ros2_driver/local_setup.bash
[0.934s] -- Up-to-date: /home/csl/reddog_ws/ros2_control/install/xsens_mti_ros2_driver/share/xsens_mti_ros2_driver/local_setup.sh
[0.934s] -- Up-to-date: /home/csl/reddog_ws/ros2_control/install/xsens_mti_ros2_driver/share/xsens_mti_ros2_driver/local_setup.zsh
[0.934s] -- Up-to-date: /home/csl/reddog_ws/ros2_control/install/xsens_mti_ros2_driver/share/xsens_mti_ros2_driver/local_setup.dsv
[0.934s] -- Installing: /home/csl/reddog_ws/ros2_control/install/xsens_mti_ros2_driver/share/xsens_mti_ros2_driver/package.dsv
[0.934s] -- Up-to-date: /home/csl/reddog_ws/ros2_control/install/xsens_mti_ros2_driver/share/ament_index/resource_index/packages/xsens_mti_ros2_driver
[0.934s] -- Up-to-date: /home/csl/reddog_ws/ros2_control/install/xsens_mti_ros2_driver/share/xsens_mti_ros2_driver/cmake/export_xsens_mti_ros2_driver__rosidl_generator_cExport.cmake
[0.934s] -- Up-to-date: /home/csl/reddog_ws/ros2_control/install/xsens_mti_ros2_driver/share/xsens_mti_ros2_driver/cmake/export_xsens_mti_ros2_driver__rosidl_generator_cExport-noconfig.cmake
[0.934s] -- Up-to-date: /home/csl/reddog_ws/ros2_control/install/xsens_mti_ros2_driver/share/xsens_mti_ros2_driver/cmake/export_xsens_mti_ros2_driver__rosidl_typesupport_fastrtps_cExport.cmake
[0.934s] -- Up-to-date: /home/csl/reddog_ws/ros2_control/install/xsens_mti_ros2_driver/share/xsens_mti_ros2_driver/cmake/export_xsens_mti_ros2_driver__rosidl_typesupport_fastrtps_cExport-noconfig.cmake
[0.934s] -- Up-to-date: /home/csl/reddog_ws/ros2_control/install/xsens_mti_ros2_driver/share/xsens_mti_ros2_driver/cmake/export_xsens_mti_ros2_driver__rosidl_generator_cppExport.cmake
[0.934s] -- Up-to-date: /home/csl/reddog_ws/ros2_control/install/xsens_mti_ros2_driver/share/xsens_mti_ros2_driver/cmake/export_xsens_mti_ros2_driver__rosidl_typesupport_fastrtps_cppExport.cmake
[0.935s] -- Up-to-date: /home/csl/reddog_ws/ros2_control/install/xsens_mti_ros2_driver/share/xsens_mti_ros2_driver/cmake/export_xsens_mti_ros2_driver__rosidl_typesupport_fastrtps_cppExport-noconfig.cmake
[0.935s] -- Up-to-date: /home/csl/reddog_ws/ros2_control/install/xsens_mti_ros2_driver/share/xsens_mti_ros2_driver/cmake/xsens_mti_ros2_driver__rosidl_typesupport_introspection_cExport.cmake
[0.935s] -- Up-to-date: /home/csl/reddog_ws/ros2_control/install/xsens_mti_ros2_driver/share/xsens_mti_ros2_driver/cmake/xsens_mti_ros2_driver__rosidl_typesupport_introspection_cExport-noconfig.cmake
[0.935s] -- Up-to-date: /home/csl/reddog_ws/ros2_control/install/xsens_mti_ros2_driver/share/xsens_mti_ros2_driver/cmake/xsens_mti_ros2_driver__rosidl_typesupport_cExport.cmake
[0.935s] -- Up-to-date: /home/csl/reddog_ws/ros2_control/install/xsens_mti_ros2_driver/share/xsens_mti_ros2_driver/cmake/xsens_mti_ros2_driver__rosidl_typesupport_cExport-noconfig.cmake
[0.935s] -- Up-to-date: /home/csl/reddog_ws/ros2_control/install/xsens_mti_ros2_driver/share/xsens_mti_ros2_driver/cmake/xsens_mti_ros2_driver__rosidl_typesupport_introspection_cppExport.cmake
[0.935s] -- Up-to-date: /home/csl/reddog_ws/ros2_control/install/xsens_mti_ros2_driver/share/xsens_mti_ros2_driver/cmake/xsens_mti_ros2_driver__rosidl_typesupport_introspection_cppExport-noconfig.cmake
[0.935s] -- Up-to-date: /home/csl/reddog_ws/ros2_control/install/xsens_mti_ros2_driver/share/xsens_mti_ros2_driver/cmake/xsens_mti_ros2_driver__rosidl_typesupport_cppExport.cmake
[0.935s] -- Up-to-date: /home/csl/reddog_ws/ros2_control/install/xsens_mti_ros2_driver/share/xsens_mti_ros2_driver/cmake/xsens_mti_ros2_driver__rosidl_typesupport_cppExport-noconfig.cmake
[0.935s] -- Up-to-date: /home/csl/reddog_ws/ros2_control/install/xsens_mti_ros2_driver/share/xsens_mti_ros2_driver/cmake/export_xsens_mti_ros2_driver__rosidl_generator_pyExport.cmake
[0.935s] -- Up-to-date: /home/csl/reddog_ws/ros2_control/install/xsens_mti_ros2_driver/share/xsens_mti_ros2_driver/cmake/export_xsens_mti_ros2_driver__rosidl_generator_pyExport-noconfig.cmake
[0.935s] -- Up-to-date: /home/csl/reddog_ws/ros2_control/install/xsens_mti_ros2_driver/share/xsens_mti_ros2_driver/cmake/rosidl_cmake-extras.cmake
[0.935s] -- Up-to-date: /home/csl/reddog_ws/ros2_control/install/xsens_mti_ros2_driver/share/xsens_mti_ros2_driver/cmake/ament_cmake_export_dependencies-extras.cmake
[0.935s] -- Up-to-date: /home/csl/reddog_ws/ros2_control/install/xsens_mti_ros2_driver/share/xsens_mti_ros2_driver/cmake/ament_cmake_export_include_directories-extras.cmake
[0.936s] -- Up-to-date: /home/csl/reddog_ws/ros2_control/install/xsens_mti_ros2_driver/share/xsens_mti_ros2_driver/cmake/ament_cmake_export_libraries-extras.cmake
[0.936s] -- Up-to-date: /home/csl/reddog_ws/ros2_control/install/xsens_mti_ros2_driver/share/xsens_mti_ros2_driver/cmake/ament_cmake_export_targets-extras.cmake
[0.936s] -- Up-to-date: /home/csl/reddog_ws/ros2_control/install/xsens_mti_ros2_driver/share/xsens_mti_ros2_driver/cmake/rosidl_cmake_export_typesupport_targets-extras.cmake
[0.936s] -- Up-to-date: /home/csl/reddog_ws/ros2_control/install/xsens_mti_ros2_driver/share/xsens_mti_ros2_driver/cmake/rosidl_cmake_export_typesupport_libraries-extras.cmake
[0.936s] -- Up-to-date: /home/csl/reddog_ws/ros2_control/install/xsens_mti_ros2_driver/share/xsens_mti_ros2_driver/cmake/xsens_mti_ros2_driverConfig.cmake
[0.936s] -- Up-to-date: /home/csl/reddog_ws/ros2_control/install/xsens_mti_ros2_driver/share/xsens_mti_ros2_driver/cmake/xsens_mti_ros2_driverConfig-version.cmake
[0.936s] -- Up-to-date: /home/csl/reddog_ws/ros2_control/install/xsens_mti_ros2_driver/share/xsens_mti_ros2_driver/package.xml
[0.937s] Invoked command in '/home/csl/reddog_ws/ros2_control/build/xsens_mti_ros2_driver' returned '0': CMAKE_PREFIX_PATH=${CMAKE_PREFIX_PATH}:/home/csl/reddog_ws/ros2_control/install/reddog_hardware:/home/csl/reddog_ws/ros2_control/install/joystick:/home/csl/reddog_ws/ros2_control/install/hardware_dds_bridge:/opt/ros/humble /usr/bin/cmake --install /home/csl/reddog_ws/ros2_control/build/xsens_mti_ros2_driver
