/home/csl/reddog_ws/ros2_control/install/reddog_hardware/lib/python3.10/site-packages/reddog_hardware/Motor_Manager_origin.py
/home/csl/reddog_ws/ros2_control/install/reddog_hardware/lib/python3.10/site-packages/reddog_hardware/motor_manager.py
/home/csl/reddog_ws/ros2_control/install/reddog_hardware/lib/python3.10/site-packages/reddog_hardware/__init__.py
/home/csl/reddog_ws/ros2_control/install/reddog_hardware/lib/python3.10/site-packages/reddog_hardware/DM_CAN.py
/home/csl/reddog_ws/ros2_control/install/reddog_hardware/lib/python3.10/site-packages/reddog_hardware/__pycache__/Motor_Manager_origin.cpython-310.pyc
/home/csl/reddog_ws/ros2_control/install/reddog_hardware/lib/python3.10/site-packages/reddog_hardware/__pycache__/motor_manager.cpython-310.pyc
/home/csl/reddog_ws/ros2_control/install/reddog_hardware/lib/python3.10/site-packages/reddog_hardware/__pycache__/__init__.cpython-310.pyc
/home/csl/reddog_ws/ros2_control/install/reddog_hardware/lib/python3.10/site-packages/reddog_hardware/__pycache__/DM_CAN.cpython-310.pyc
/home/csl/reddog_ws/ros2_control/install/reddog_hardware/share/reddog_hardware/config/motor_config.yaml
/home/csl/reddog_ws/ros2_control/install/reddog_hardware/share/ament_index/resource_index/packages/reddog_hardware
/home/csl/reddog_ws/ros2_control/install/reddog_hardware/share/reddog_hardware/package.xml
/home/csl/reddog_ws/ros2_control/install/reddog_hardware/share/reddog_hardware/launch/bringup.launch.py
/home/csl/reddog_ws/ros2_control/install/reddog_hardware/share/reddog_hardware/launch/without_motor.launch.py
/home/csl/reddog_ws/ros2_control/install/reddog_hardware/lib/python3.10/site-packages/reddog_hardware-0.0.0-py3.10.egg-info/requires.txt
/home/csl/reddog_ws/ros2_control/install/reddog_hardware/lib/python3.10/site-packages/reddog_hardware-0.0.0-py3.10.egg-info/PKG-INFO
/home/csl/reddog_ws/ros2_control/install/reddog_hardware/lib/python3.10/site-packages/reddog_hardware-0.0.0-py3.10.egg-info/dependency_links.txt
/home/csl/reddog_ws/ros2_control/install/reddog_hardware/lib/python3.10/site-packages/reddog_hardware-0.0.0-py3.10.egg-info/entry_points.txt
/home/csl/reddog_ws/ros2_control/install/reddog_hardware/lib/python3.10/site-packages/reddog_hardware-0.0.0-py3.10.egg-info/SOURCES.txt
/home/csl/reddog_ws/ros2_control/install/reddog_hardware/lib/python3.10/site-packages/reddog_hardware-0.0.0-py3.10.egg-info/zip-safe
/home/csl/reddog_ws/ros2_control/install/reddog_hardware/lib/python3.10/site-packages/reddog_hardware-0.0.0-py3.10.egg-info/top_level.txt
/home/csl/reddog_ws/ros2_control/install/reddog_hardware/lib/reddog_hardware/motor_manager
