[0.921s] Invoking command in '/home/csl/reddog_ws/ros2_control/src/reddog_ROS2Control/libraries/joystick': PYTHONPATH=/home/csl/reddog_ws/ros2_control/build/joystick/prefix_override:/usr/lib/python3/dist-packages/colcon_core/task/python/colcon_distutils_commands:/home/csl/reddog_ws/ros2_control/install/joystick/lib/python3.10/site-packages:${PYTHONPATH} /usr/bin/python3 -W ignore:setup.py install is deprecated -W ignore:easy_install command is deprecated setup.py egg_info --egg-base ../../../../build/joystick build --build-base /home/csl/reddog_ws/ros2_control/build/joystick/build install --record /home/csl/reddog_ws/ros2_control/build/joystick/install.log --single-version-externally-managed install_data
[1.096s] running egg_info
[1.097s] writing ../../../../build/joystick/joystick.egg-info/PKG-INFO
[1.097s] writing dependency_links to ../../../../build/joystick/joystick.egg-info/dependency_links.txt
[1.097s] writing entry points to ../../../../build/joystick/joystick.egg-info/entry_points.txt
[1.097s] writing requirements to ../../../../build/joystick/joystick.egg-info/requires.txt
[1.097s] writing top-level names to ../../../../build/joystick/joystick.egg-info/top_level.txt
[1.098s] reading manifest file '../../../../build/joystick/joystick.egg-info/SOURCES.txt'
[1.099s] writing manifest file '../../../../build/joystick/joystick.egg-info/SOURCES.txt'
[1.099s] running build
[1.099s] running build_py
[1.099s] running install
[1.099s] running install_lib
[1.100s] running install_data
[1.100s] running install_egg_info
[1.101s] removing '/home/csl/reddog_ws/ros2_control/install/joystick/lib/python3.10/site-packages/joystick-0.0.0-py3.10.egg-info' (and everything under it)
[1.101s] Copying ../../../../build/joystick/joystick.egg-info to /home/csl/reddog_ws/ros2_control/install/joystick/lib/python3.10/site-packages/joystick-0.0.0-py3.10.egg-info
[1.102s] running install_scripts
[1.116s] Installing joy_controller script to /home/csl/reddog_ws/ros2_control/install/joystick/lib/joystick
[1.116s] writing list of installed files to '/home/csl/reddog_ws/ros2_control/build/joystick/install.log'
[1.134s] Invoked command in '/home/csl/reddog_ws/ros2_control/src/reddog_ROS2Control/libraries/joystick' returned '0': PYTHONPATH=/home/csl/reddog_ws/ros2_control/build/joystick/prefix_override:/usr/lib/python3/dist-packages/colcon_core/task/python/colcon_distutils_commands:/home/csl/reddog_ws/ros2_control/install/joystick/lib/python3.10/site-packages:${PYTHONPATH} /usr/bin/python3 -W ignore:setup.py install is deprecated -W ignore:easy_install command is deprecated setup.py egg_info --egg-base ../../../../build/joystick build --build-base /home/csl/reddog_ws/ros2_control/build/joystick/build install --record /home/csl/reddog_ws/ros2_control/build/joystick/install.log --single-version-externally-managed install_data
