[35m[1mConsolidate compiler generated dependencies of target rl_quadruped_controller[0m
[100%] Built target rl_quadruped_controller
-- Install configuration: ""
-- Up-to-date: /home/csl/reddog_ws/ros2_control/install/rl_quadruped_controller/lib/librl_quadruped_controller.so
-- Up-to-date: /home/csl/reddog_ws/ros2_control/install/rl_quadruped_controller/include/
-- Up-to-date: /home/csl/reddog_ws/ros2_control/install/rl_quadruped_controller/include//rl_quadruped_controller
-- Up-to-date: /home/csl/reddog_ws/ros2_control/install/rl_quadruped_controller/include//rl_quadruped_controller/rl_quadruped_controller.hpp
-- Up-to-date: /home/csl/reddog_ws/ros2_control/install/rl_quadruped_controller/share/rl_quadruped_controller/rl_quadruped_controller.xml
-- Up-to-date: /home/csl/reddog_ws/ros2_control/install/rl_quadruped_controller/share/rl_quadruped_controller/launch
-- Installing: /home/csl/reddog_ws/ros2_control/install/rl_quadruped_controller/share/rl_quadruped_controller/launch/bringup.launch.py
-- Up-to-date: /home/csl/reddog_ws/ros2_control/install/rl_quadruped_controller/share/rl_quadruped_controller/package.xml
-- Up-to-date: /home/csl/reddog_ws/ros2_control/install/rl_quadruped_controller/share/rl_quadruped_controller/resource/rl_quadruped_controller.xml
-- Up-to-date: /home/csl/reddog_ws/ros2_control/install/rl_quadruped_controller/share/ament_index/resource_index/package_run_dependencies/rl_quadruped_controller
-- Up-to-date: /home/csl/reddog_ws/ros2_control/install/rl_quadruped_controller/share/ament_index/resource_index/parent_prefix_path/rl_quadruped_controller
-- Up-to-date: /home/csl/reddog_ws/ros2_control/install/rl_quadruped_controller/share/rl_quadruped_controller/environment/ament_prefix_path.sh
-- Up-to-date: /home/csl/reddog_ws/ros2_control/install/rl_quadruped_controller/share/rl_quadruped_controller/environment/ament_prefix_path.dsv
-- Up-to-date: /home/csl/reddog_ws/ros2_control/install/rl_quadruped_controller/share/rl_quadruped_controller/environment/path.sh
-- Up-to-date: /home/csl/reddog_ws/ros2_control/install/rl_quadruped_controller/share/rl_quadruped_controller/environment/path.dsv
-- Up-to-date: /home/csl/reddog_ws/ros2_control/install/rl_quadruped_controller/share/rl_quadruped_controller/local_setup.bash
-- Up-to-date: /home/csl/reddog_ws/ros2_control/install/rl_quadruped_controller/share/rl_quadruped_controller/local_setup.sh
-- Up-to-date: /home/csl/reddog_ws/ros2_control/install/rl_quadruped_controller/share/rl_quadruped_controller/local_setup.zsh
-- Up-to-date: /home/csl/reddog_ws/ros2_control/install/rl_quadruped_controller/share/rl_quadruped_controller/local_setup.dsv
-- Installing: /home/csl/reddog_ws/ros2_control/install/rl_quadruped_controller/share/rl_quadruped_controller/package.dsv
-- Up-to-date: /home/csl/reddog_ws/ros2_control/install/rl_quadruped_controller/share/ament_index/resource_index/packages/rl_quadruped_controller
-- Up-to-date: /home/csl/reddog_ws/ros2_control/install/rl_quadruped_controller/share/ament_index/resource_index/controller_interface__pluginlib__plugin/rl_quadruped_controller
-- Up-to-date: /home/csl/reddog_ws/ros2_control/install/rl_quadruped_controller/share/rl_quadruped_controller/cmake/rl_quadruped_controllerConfig.cmake
-- Up-to-date: /home/csl/reddog_ws/ros2_control/install/rl_quadruped_controller/share/rl_quadruped_controller/cmake/rl_quadruped_controllerConfig-version.cmake
-- Up-to-date: /home/csl/reddog_ws/ros2_control/install/rl_quadruped_controller/share/rl_quadruped_controller/package.xml
