[0.473s] Invoking command in '/home/csl/reddog_ws/ros2_control/build/rl_quadruped_controller': CMAKE_PREFIX_PATH=${CMAKE_PREFIX_PATH}:/opt/ros/humble /usr/bin/cmake /home/csl/reddog_ws/ros2_control/src/reddog_ROS2Control/controllers/rl_quadruped_controller -DCMAKE_INSTALL_PREFIX=/home/csl/reddog_ws/ros2_control/install/rl_quadruped_controller
[0.519s] -- The C compiler identification is GNU 11.4.0
[0.567s] -- The CXX compiler identification is GNU 11.4.0
[0.574s] -- Detecting C compiler ABI info
[0.634s] -- Detecting C compiler ABI info - done
[0.642s] -- Check for working C compiler: /usr/bin/cc - skipped
[0.642s] -- Detecting C compile features
[0.642s] -- Detecting C compile features - done
[0.645s] -- Detecting CXX compiler ABI info
[0.707s] -- Detecting CXX compiler ABI info - done
[0.715s] -- Check for working CXX compiler: /usr/bin/c++ - skipped
[0.715s] -- Detecting CXX compile features
[0.715s] -- Detecting CXX compile features - done
[0.717s] -- Found ament_cmake: 1.3.11 (/opt/ros/humble/share/ament_cmake/cmake)
[0.844s] -- Found Python3: /usr/bin/python3 (found version "3.10.12") found components: Interpreter 
[0.927s] -- Found rclcpp: 16.0.11 (/opt/ros/humble/share/rclcpp/cmake)
[0.976s] -- Found rosidl_generator_c: 3.1.6 (/opt/ros/humble/share/rosidl_generator_c/cmake)
[0.982s] -- Found rosidl_adapter: 3.1.6 (/opt/ros/humble/share/rosidl_adapter/cmake)
[0.991s] -- Found rosidl_generator_cpp: 3.1.6 (/opt/ros/humble/share/rosidl_generator_cpp/cmake)
[1.004s] -- Using all available rosidl_typesupport_c: rosidl_typesupport_fastrtps_c;rosidl_typesupport_introspection_c
[1.021s] -- Using all available rosidl_typesupport_cpp: rosidl_typesupport_fastrtps_cpp;rosidl_typesupport_introspection_cpp
[1.071s] -- Found rmw_implementation_cmake: 6.1.2 (/opt/ros/humble/share/rmw_implementation_cmake/cmake)
[1.075s] -- Found rmw_fastrtps_cpp: 6.2.7 (/opt/ros/humble/share/rmw_fastrtps_cpp/cmake)
[1.158s] -- Found OpenSSL: /usr/lib/x86_64-linux-gnu/libcrypto.so (found version "3.0.2")  
[1.182s] -- Found FastRTPS: /opt/ros/humble/include  
[1.224s] -- Using RMW implementation 'rmw_fastrtps_cpp' as default
[1.233s] -- Looking for pthread.h
[1.283s] -- Looking for pthread.h - found
[1.284s] -- Performing Test CMAKE_HAVE_LIBC_PTHREAD
[1.339s] -- Performing Test CMAKE_HAVE_LIBC_PTHREAD - Success
[1.340s] -- Found Threads: TRUE  
[1.375s] -- Found controller_interface: 2.48.0 (/opt/ros/humble/share/controller_interface/cmake)
[1.529s] -- Found Torch: /home/csl/rdog/libtorch/lib/libtorch.so  
[1.580s] -- Configuring done
[1.602s] -- Generating done
[1.607s] -- Build files have been written to: /home/csl/reddog_ws/ros2_control/build/rl_quadruped_controller
[1.616s] Invoked command in '/home/csl/reddog_ws/ros2_control/build/rl_quadruped_controller' returned '0': CMAKE_PREFIX_PATH=${CMAKE_PREFIX_PATH}:/opt/ros/humble /usr/bin/cmake /home/csl/reddog_ws/ros2_control/src/reddog_ROS2Control/controllers/rl_quadruped_controller -DCMAKE_INSTALL_PREFIX=/home/csl/reddog_ws/ros2_control/install/rl_quadruped_controller
[1.618s] Invoking command in '/home/csl/reddog_ws/ros2_control/build/rl_quadruped_controller': CMAKE_PREFIX_PATH=${CMAKE_PREFIX_PATH}:/opt/ros/humble /usr/bin/cmake --build /home/csl/reddog_ws/ros2_control/build/rl_quadruped_controller -- -j12 -l12
[1.656s] [ 50%] [32mBuilding CXX object CMakeFiles/rl_quadruped_controller.dir/src/rl_quadruped_controller.cpp.o[0m
[15.458s] [100%] [32m[1mLinking CXX shared library librl_quadruped_controller.so[0m
[16.058s] [100%] Built target rl_quadruped_controller
[16.067s] Invoked command in '/home/csl/reddog_ws/ros2_control/build/rl_quadruped_controller' returned '0': CMAKE_PREFIX_PATH=${CMAKE_PREFIX_PATH}:/opt/ros/humble /usr/bin/cmake --build /home/csl/reddog_ws/ros2_control/build/rl_quadruped_controller -- -j12 -l12
[16.067s] Invoking command in '/home/csl/reddog_ws/ros2_control/build/rl_quadruped_controller': CMAKE_PREFIX_PATH=${CMAKE_PREFIX_PATH}:/opt/ros/humble /usr/bin/cmake --install /home/csl/reddog_ws/ros2_control/build/rl_quadruped_controller
[16.074s] -- Install configuration: ""
[16.074s] -- Installing: /home/csl/reddog_ws/ros2_control/install/rl_quadruped_controller/lib/librl_quadruped_controller.so
[16.079s] -- Set runtime path of "/home/csl/reddog_ws/ros2_control/install/rl_quadruped_controller/lib/librl_quadruped_controller.so" to ""
[16.079s] -- Installing: /home/csl/reddog_ws/ros2_control/install/rl_quadruped_controller/include/
[16.079s] -- Installing: /home/csl/reddog_ws/ros2_control/install/rl_quadruped_controller/include//rl_quadruped_controller
[16.079s] -- Installing: /home/csl/reddog_ws/ros2_control/install/rl_quadruped_controller/include//rl_quadruped_controller/rl_quadruped_controller.hpp
[16.079s] -- Installing: /home/csl/reddog_ws/ros2_control/install/rl_quadruped_controller/share/rl_quadruped_controller/rl_quadruped_controller.xml
[16.079s] -- Installing: /home/csl/reddog_ws/ros2_control/install/rl_quadruped_controller/share/rl_quadruped_controller/launch
[16.079s] -- Installing: /home/csl/reddog_ws/ros2_control/install/rl_quadruped_controller/share/rl_quadruped_controller/launch/bringup.launch.py
[16.079s] -- Installing: /home/csl/reddog_ws/ros2_control/install/rl_quadruped_controller/share/rl_quadruped_controller/package.xml
[16.079s] -- Installing: /home/csl/reddog_ws/ros2_control/install/rl_quadruped_controller/share/rl_quadruped_controller/resource/rl_quadruped_controller.xml
[16.079s] -- Installing: /home/csl/reddog_ws/ros2_control/install/rl_quadruped_controller/share/ament_index/resource_index/package_run_dependencies/rl_quadruped_controller
[16.079s] -- Installing: /home/csl/reddog_ws/ros2_control/install/rl_quadruped_controller/share/ament_index/resource_index/parent_prefix_path/rl_quadruped_controller
[16.079s] -- Installing: /home/csl/reddog_ws/ros2_control/install/rl_quadruped_controller/share/rl_quadruped_controller/environment/ament_prefix_path.sh
[16.079s] -- Installing: /home/csl/reddog_ws/ros2_control/install/rl_quadruped_controller/share/rl_quadruped_controller/environment/ament_prefix_path.dsv
[16.079s] -- Installing: /home/csl/reddog_ws/ros2_control/install/rl_quadruped_controller/share/rl_quadruped_controller/environment/path.sh
[16.079s] -- Installing: /home/csl/reddog_ws/ros2_control/install/rl_quadruped_controller/share/rl_quadruped_controller/environment/path.dsv
[16.079s] -- Installing: /home/csl/reddog_ws/ros2_control/install/rl_quadruped_controller/share/rl_quadruped_controller/local_setup.bash
[16.079s] -- Installing: /home/csl/reddog_ws/ros2_control/install/rl_quadruped_controller/share/rl_quadruped_controller/local_setup.sh
[16.079s] -- Installing: /home/csl/reddog_ws/ros2_control/install/rl_quadruped_controller/share/rl_quadruped_controller/local_setup.zsh
[16.080s] -- Installing: /home/csl/reddog_ws/ros2_control/install/rl_quadruped_controller/share/rl_quadruped_controller/local_setup.dsv
[16.080s] -- Installing: /home/csl/reddog_ws/ros2_control/install/rl_quadruped_controller/share/rl_quadruped_controller/package.dsv
[16.080s] -- Installing: /home/csl/reddog_ws/ros2_control/install/rl_quadruped_controller/share/ament_index/resource_index/packages/rl_quadruped_controller
[16.080s] -- Installing: /home/csl/reddog_ws/ros2_control/install/rl_quadruped_controller/share/ament_index/resource_index/controller_interface__pluginlib__plugin/rl_quadruped_controller
[16.080s] -- Installing: /home/csl/reddog_ws/ros2_control/install/rl_quadruped_controller/share/rl_quadruped_controller/cmake/rl_quadruped_controllerConfig.cmake
[16.080s] -- Installing: /home/csl/reddog_ws/ros2_control/install/rl_quadruped_controller/share/rl_quadruped_controller/cmake/rl_quadruped_controllerConfig-version.cmake
[16.080s] -- Up-to-date: /home/csl/reddog_ws/ros2_control/install/rl_quadruped_controller/share/rl_quadruped_controller/package.xml
[16.081s] Invoked command in '/home/csl/reddog_ws/ros2_control/build/rl_quadruped_controller' returned '0': CMAKE_PREFIX_PATH=${CMAKE_PREFIX_PATH}:/opt/ros/humble /usr/bin/cmake --install /home/csl/reddog_ws/ros2_control/build/rl_quadruped_controller
