-- Install configuration: ""
-- Up-to-date: /home/csl/reddog_ws/ros2_control/install/reddog_description/share/reddog_description//meshes
-- Up-to-date: /home/csl/reddog_ws/ros2_control/install/reddog_description/share/reddog_description//meshes/FR_hip.STL
-- Up-to-date: /home/csl/reddog_ws/ros2_control/install/reddog_description/share/reddog_description//meshes/RL_thigh.STL
-- Up-to-date: /home/csl/reddog_ws/ros2_control/install/reddog_description/share/reddog_description//meshes/FR_foot.STL
-- Up-to-date: /home/csl/reddog_ws/ros2_control/install/reddog_description/share/reddog_description//meshes/FL_calf.STL
-- Up-to-date: /home/csl/reddog_ws/ros2_control/install/reddog_description/share/reddog_description//meshes/FL_foot.STL
-- Up-to-date: /home/csl/reddog_ws/ros2_control/install/reddog_description/share/reddog_description//meshes/RR_hip.STL
-- Up-to-date: /home/csl/reddog_ws/ros2_control/install/reddog_description/share/reddog_description//meshes/RL_foot.STL
-- Up-to-date: /home/csl/reddog_ws/ros2_control/install/reddog_description/share/reddog_description//meshes/RL_calf.STL
-- Up-to-date: /home/csl/reddog_ws/ros2_control/install/reddog_description/share/reddog_description//meshes/RR_calf.STL
-- Up-to-date: /home/csl/reddog_ws/ros2_control/install/reddog_description/share/reddog_description//meshes/RR_thigh.STL
-- Up-to-date: /home/csl/reddog_ws/ros2_control/install/reddog_description/share/reddog_description//meshes/FR_thigh.STL
-- Up-to-date: /home/csl/reddog_ws/ros2_control/install/reddog_description/share/reddog_description//meshes/FL_thigh.STL
-- Up-to-date: /home/csl/reddog_ws/ros2_control/install/reddog_description/share/reddog_description//meshes/base.STL
-- Up-to-date: /home/csl/reddog_ws/ros2_control/install/reddog_description/share/reddog_description//meshes/FL_hip.STL
-- Up-to-date: /home/csl/reddog_ws/ros2_control/install/reddog_description/share/reddog_description//meshes/RR_foot.STL
-- Up-to-date: /home/csl/reddog_ws/ros2_control/install/reddog_description/share/reddog_description//meshes/RL_hip.STL
-- Up-to-date: /home/csl/reddog_ws/ros2_control/install/reddog_description/share/reddog_description//meshes/FR_calf.STL
-- Up-to-date: /home/csl/reddog_ws/ros2_control/install/reddog_description/share/reddog_description//xacro
-- Up-to-date: /home/csl/reddog_ws/ros2_control/install/reddog_description/share/reddog_description//xacro/robot.xacro
-- Up-to-date: /home/csl/reddog_ws/ros2_control/install/reddog_description/share/reddog_description//launch
-- Up-to-date: /home/csl/reddog_ws/ros2_control/install/reddog_description/share/reddog_description//launch/display.launch
-- Up-to-date: /home/csl/reddog_ws/ros2_control/install/reddog_description/share/reddog_description//launch/gazebo.launch
-- Up-to-date: /home/csl/reddog_ws/ros2_control/install/reddog_description/share/reddog_description//config
-- Up-to-date: /home/csl/reddog_ws/ros2_control/install/reddog_description/share/reddog_description//config/legged_gym
-- Up-to-date: /home/csl/reddog_ws/ros2_control/install/reddog_description/share/reddog_description//config/legged_gym/reddog_him.yaml
-- Up-to-date: /home/csl/reddog_ws/ros2_control/install/reddog_description/share/reddog_description//config/legged_gym/policy_him2.pt
-- Up-to-date: /home/csl/reddog_ws/ros2_control/install/reddog_description/share/reddog_description//config/ocs2
-- Up-to-date: /home/csl/reddog_ws/ros2_control/install/reddog_description/share/reddog_description//config/ocs2/reference.info
-- Up-to-date: /home/csl/reddog_ws/ros2_control/install/reddog_description/share/reddog_description//config/ocs2/task.info
-- Up-to-date: /home/csl/reddog_ws/ros2_control/install/reddog_description/share/reddog_description//config/ocs2/gait.info
-- Up-to-date: /home/csl/reddog_ws/ros2_control/install/reddog_description/share/reddog_description//config/visualize_urdf.rviz
-- Up-to-date: /home/csl/reddog_ws/ros2_control/install/reddog_description/share/reddog_description//config/robot_control.yaml
-- Up-to-date: /home/csl/reddog_ws/ros2_control/install/reddog_description/share/reddog_description//urdf
-- Up-to-date: /home/csl/reddog_ws/ros2_control/install/reddog_description/share/reddog_description//urdf/robot.urdf
-- Up-to-date: /home/csl/reddog_ws/ros2_control/install/reddog_description/share/reddog_description//urdf/reddog_20250221.csv
-- Up-to-date: /home/csl/reddog_ws/ros2_control/install/reddog_description/share/ament_index/resource_index/package_run_dependencies/reddog_description
-- Up-to-date: /home/csl/reddog_ws/ros2_control/install/reddog_description/share/ament_index/resource_index/parent_prefix_path/reddog_description
-- Up-to-date: /home/csl/reddog_ws/ros2_control/install/reddog_description/share/reddog_description/environment/ament_prefix_path.sh
-- Up-to-date: /home/csl/reddog_ws/ros2_control/install/reddog_description/share/reddog_description/environment/ament_prefix_path.dsv
-- Up-to-date: /home/csl/reddog_ws/ros2_control/install/reddog_description/share/reddog_description/environment/path.sh
-- Up-to-date: /home/csl/reddog_ws/ros2_control/install/reddog_description/share/reddog_description/environment/path.dsv
-- Up-to-date: /home/csl/reddog_ws/ros2_control/install/reddog_description/share/reddog_description/local_setup.bash
-- Up-to-date: /home/csl/reddog_ws/ros2_control/install/reddog_description/share/reddog_description/local_setup.sh
-- Up-to-date: /home/csl/reddog_ws/ros2_control/install/reddog_description/share/reddog_description/local_setup.zsh
-- Up-to-date: /home/csl/reddog_ws/ros2_control/install/reddog_description/share/reddog_description/local_setup.dsv
-- Up-to-date: /home/csl/reddog_ws/ros2_control/install/reddog_description/share/reddog_description/package.dsv
-- Up-to-date: /home/csl/reddog_ws/ros2_control/install/reddog_description/share/ament_index/resource_index/packages/reddog_description
-- Up-to-date: /home/csl/reddog_ws/ros2_control/install/reddog_description/share/reddog_description/cmake/reddog_descriptionConfig.cmake
-- Up-to-date: /home/csl/reddog_ws/ros2_control/install/reddog_description/share/reddog_description/cmake/reddog_descriptionConfig-version.cmake
-- Up-to-date: /home/csl/reddog_ws/ros2_control/install/reddog_description/share/reddog_description/package.xml
