[0.998s] Invoking command in '/home/csl/reddog_ws/ros2_control/src/reddog_ROS2Control/libraries/joystick': PYTHONPATH=/home/csl/reddog_ws/ros2_control/build/joystick/prefix_override:/usr/lib/python3/dist-packages/colcon_core/task/python/colcon_distutils_commands:/home/csl/reddog_ws/ros2_control/install/joystick/lib/python3.10/site-packages:${PYTHONPATH} /usr/bin/python3 -W ignore:setup.py install is deprecated -W ignore:easy_install command is deprecated setup.py egg_info --egg-base ../../../../build/joystick build --build-base /home/csl/reddog_ws/ros2_control/build/joystick/build install --record /home/csl/reddog_ws/ros2_control/build/joystick/install.log --single-version-externally-managed install_data
[1.186s] running egg_info
[1.187s] creating ../../../../build/joystick/joystick.egg-info
[1.187s] writing ../../../../build/joystick/joystick.egg-info/PKG-INFO
[1.187s] writing dependency_links to ../../../../build/joystick/joystick.egg-info/dependency_links.txt
[1.187s] writing entry points to ../../../../build/joystick/joystick.egg-info/entry_points.txt
[1.187s] writing requirements to ../../../../build/joystick/joystick.egg-info/requires.txt
[1.187s] writing top-level names to ../../../../build/joystick/joystick.egg-info/top_level.txt
[1.187s] writing manifest file '../../../../build/joystick/joystick.egg-info/SOURCES.txt'
[1.188s] reading manifest file '../../../../build/joystick/joystick.egg-info/SOURCES.txt'
[1.189s] writing manifest file '../../../../build/joystick/joystick.egg-info/SOURCES.txt'
[1.189s] running build
[1.189s] running build_py
[1.189s] creating /home/csl/reddog_ws/ros2_control/build/joystick/build
[1.189s] creating /home/csl/reddog_ws/ros2_control/build/joystick/build/lib
[1.189s] creating /home/csl/reddog_ws/ros2_control/build/joystick/build/lib/joystick
[1.189s] copying joystick/joy_controller.py -> /home/csl/reddog_ws/ros2_control/build/joystick/build/lib/joystick
[1.189s] copying joystick/__init__.py -> /home/csl/reddog_ws/ros2_control/build/joystick/build/lib/joystick
[1.189s] running install
[1.189s] running install_lib
[1.190s] creating /home/csl/reddog_ws/ros2_control/install/joystick/lib/python3.10/site-packages/joystick
[1.190s] copying /home/csl/reddog_ws/ros2_control/build/joystick/build/lib/joystick/joy_controller.py -> /home/csl/reddog_ws/ros2_control/install/joystick/lib/python3.10/site-packages/joystick
[1.190s] copying /home/csl/reddog_ws/ros2_control/build/joystick/build/lib/joystick/__init__.py -> /home/csl/reddog_ws/ros2_control/install/joystick/lib/python3.10/site-packages/joystick
[1.191s] byte-compiling /home/csl/reddog_ws/ros2_control/install/joystick/lib/python3.10/site-packages/joystick/joy_controller.py to joy_controller.cpython-310.pyc
[1.191s] byte-compiling /home/csl/reddog_ws/ros2_control/install/joystick/lib/python3.10/site-packages/joystick/__init__.py to __init__.cpython-310.pyc
[1.191s] running install_data
[1.191s] creating /home/csl/reddog_ws/ros2_control/install/joystick/share/ament_index
[1.192s] creating /home/csl/reddog_ws/ros2_control/install/joystick/share/ament_index/resource_index
[1.192s] creating /home/csl/reddog_ws/ros2_control/install/joystick/share/ament_index/resource_index/packages
[1.192s] copying resource/joystick -> /home/csl/reddog_ws/ros2_control/install/joystick/share/ament_index/resource_index/packages
[1.192s] copying package.xml -> /home/csl/reddog_ws/ros2_control/install/joystick/share/joystick
[1.192s] running install_egg_info
[1.193s] Copying ../../../../build/joystick/joystick.egg-info to /home/csl/reddog_ws/ros2_control/install/joystick/lib/python3.10/site-packages/joystick-0.0.0-py3.10.egg-info
[1.193s] running install_scripts
[1.207s] Installing joy_controller script to /home/csl/reddog_ws/ros2_control/install/joystick/lib/joystick
[1.207s] writing list of installed files to '/home/csl/reddog_ws/ros2_control/build/joystick/install.log'
[1.231s] Invoked command in '/home/csl/reddog_ws/ros2_control/src/reddog_ROS2Control/libraries/joystick' returned '0': PYTHONPATH=/home/csl/reddog_ws/ros2_control/build/joystick/prefix_override:/usr/lib/python3/dist-packages/colcon_core/task/python/colcon_distutils_commands:/home/csl/reddog_ws/ros2_control/install/joystick/lib/python3.10/site-packages:${PYTHONPATH} /usr/bin/python3 -W ignore:setup.py install is deprecated -W ignore:easy_install command is deprecated setup.py egg_info --egg-base ../../../../build/joystick build --build-base /home/csl/reddog_ws/ros2_control/build/joystick/build install --record /home/csl/reddog_ws/ros2_control/build/joystick/install.log --single-version-externally-managed install_data
