[0.872s] Invoking command in '/home/csl/reddog_ws/ros2_control/src/reddog_ROS2Control/hardwares/hardware_dds_bridge': PYTHONPATH=/home/csl/reddog_ws/ros2_control/build/hardware_dds_bridge/prefix_override:/usr/lib/python3/dist-packages/colcon_core/task/python/colcon_distutils_commands:/home/csl/reddog_ws/ros2_control/install/hardware_dds_bridge/lib/python3.10/site-packages:${PYTHONPATH} /usr/bin/python3 -W ignore:setup.py install is deprecated -W ignore:easy_install command is deprecated setup.py egg_info --egg-base ../../../../build/hardware_dds_bridge build --build-base /home/csl/reddog_ws/ros2_control/build/hardware_dds_bridge/build install --record /home/csl/reddog_ws/ros2_control/build/hardware_dds_bridge/install.log --single-version-externally-managed install_data
[1.048s] running egg_info
[1.049s] writing ../../../../build/hardware_dds_bridge/hardware_dds_bridge.egg-info/PKG-INFO
[1.049s] writing dependency_links to ../../../../build/hardware_dds_bridge/hardware_dds_bridge.egg-info/dependency_links.txt
[1.049s] writing entry points to ../../../../build/hardware_dds_bridge/hardware_dds_bridge.egg-info/entry_points.txt
[1.049s] writing requirements to ../../../../build/hardware_dds_bridge/hardware_dds_bridge.egg-info/requires.txt
[1.049s] writing top-level names to ../../../../build/hardware_dds_bridge/hardware_dds_bridge.egg-info/top_level.txt
[1.050s] reading manifest file '../../../../build/hardware_dds_bridge/hardware_dds_bridge.egg-info/SOURCES.txt'
[1.051s] writing manifest file '../../../../build/hardware_dds_bridge/hardware_dds_bridge.egg-info/SOURCES.txt'
[1.051s] running build
[1.051s] running build_py
[1.051s] running install
[1.051s] running install_lib
[1.052s] running install_data
[1.052s] running install_egg_info
[1.053s] removing '/home/csl/reddog_ws/ros2_control/install/hardware_dds_bridge/lib/python3.10/site-packages/hardware_dds_bridge-0.0.0-py3.10.egg-info' (and everything under it)
[1.054s] Copying ../../../../build/hardware_dds_bridge/hardware_dds_bridge.egg-info to /home/csl/reddog_ws/ros2_control/install/hardware_dds_bridge/lib/python3.10/site-packages/hardware_dds_bridge-0.0.0-py3.10.egg-info
[1.054s] running install_scripts
[1.069s] Installing hardware_manager script to /home/csl/reddog_ws/ros2_control/install/hardware_dds_bridge/lib/hardware_dds_bridge
[1.069s] writing list of installed files to '/home/csl/reddog_ws/ros2_control/build/hardware_dds_bridge/install.log'
[1.088s] Invoked command in '/home/csl/reddog_ws/ros2_control/src/reddog_ROS2Control/hardwares/hardware_dds_bridge' returned '0': PYTHONPATH=/home/csl/reddog_ws/ros2_control/build/hardware_dds_bridge/prefix_override:/usr/lib/python3/dist-packages/colcon_core/task/python/colcon_distutils_commands:/home/csl/reddog_ws/ros2_control/install/hardware_dds_bridge/lib/python3.10/site-packages:${PYTHONPATH} /usr/bin/python3 -W ignore:setup.py install is deprecated -W ignore:easy_install command is deprecated setup.py egg_info --egg-base ../../../../build/hardware_dds_bridge build --build-base /home/csl/reddog_ws/ros2_control/build/hardware_dds_bridge/build install --record /home/csl/reddog_ws/ros2_control/build/hardware_dds_bridge/install.log --single-version-externally-managed install_data
